2024-01-22 15:28:42,618 [INFO] Activator:176 - 


2024-01-22 15:28:42,622 [INFO] Activator:177 - !SESSION log4j initialized
2024-01-22 15:28:46,360 [INFO] LogOutputStream:77 - [STDOUT_REDIRECT] 
2024-01-22 15:28:47,391 [INFO] ApplicationProperties:184 - Using Application install path: C:\ST\STM32CubeIDE_1.14.1\STM32CubeIDE\plugins\com.st.stm32cube.common.mx_6.10.0.202311202037
2024-01-22 15:28:47,409 [INFO] DbMcusXml:78 - Set database path to: C:\ST\STM32CubeIDE_1.14.1\STM32CubeIDE\plugins\com.st.stm32cube.common.mx_6.10.0.202311202037\\db\/mcu/
2024-01-22 15:28:47,409 [INFO] ApiDb:274 - Set plugin database path to: C:\ST\STM32CubeIDE_1.14.1\STM32CubeIDE\plugins\com.st.stm32cube.common.mx_6.10.0.202311202037\\db\/plugins/boardmanager/
2024-01-22 15:28:47,409 [WARN] ApiDb:259 - Overriding images path with different value:  => C:\ST\STM32CubeIDE_1.14.1\STM32CubeIDE\plugins\com.st.stm32cube.common.mx_6.10.0.202311202037\\db\/plugins/mcufinder/images/
2024-01-22 15:28:47,413 [INFO] ApiDb:250 - Set database path to: C:\Users\t\.stmcufinder\plugins\mcufinder//mcu/
2024-01-22 15:28:47,413 [INFO] DbMcusAds:125 - Set database path to: C:\Users\t\.stmcufinder\plugins\mcufinder//mcu/
2024-01-22 15:28:47,415 [INFO] CrossReferenceDbSqlite:203 - Set database path to: C:\Users\t\.stmcufinder\plugins\mcufinder//mcu/cs/
2024-01-22 15:28:47,477 [INFO] RulesReader:64 - Compatibility file has been processed (297 Rules)
2024-01-22 15:28:47,539 [INFO] DbMcusXml:78 - Set database path to: C:\ST\STM32CubeIDE_1.14.1\STM32CubeIDE\plugins\com.st.stm32cube.common.mx_6.10.0.202311202037\\db\/mcu/
2024-01-22 15:28:47,539 [INFO] ApiDb:274 - Set plugin database path to: C:\ST\STM32CubeIDE_1.14.1\STM32CubeIDE\plugins\com.st.stm32cube.common.mx_6.10.0.202311202037\\db\/plugins/boardmanager/
2024-01-22 15:28:47,539 [INFO] ApiDb:261 - Set plugin images path to: C:\ST\STM32CubeIDE_1.14.1\STM32CubeIDE\plugins\com.st.stm32cube.common.mx_6.10.0.202311202037\\db\/plugins/mcufinder/images/
2024-01-22 15:28:47,539 [WARN] DbFile:41 - Overriding database path with different value: C:\Users\t\.stmcufinder\plugins\mcufinder/ => C:\Users\t\.stmcufinder\plugins\mcufinder
2024-01-22 15:28:47,539 [INFO] ApiDb:250 - Set database path to: C:\Users\t\.stmcufinder\plugins\mcufinder//mcu/
2024-01-22 15:28:47,539 [WARN] DbFile:41 - Overriding database path with different value: C:\Users\t\.stmcufinder\plugins\mcufinder/ => C:\Users\t\.stmcufinder\plugins\mcufinder
2024-01-22 15:28:47,539 [INFO] DbMcusAds:125 - Set database path to: C:\Users\t\.stmcufinder\plugins\mcufinder//mcu/
2024-01-22 15:28:47,539 [WARN] DbFile:41 - Overriding database path with different value: C:\Users\t\.stmcufinder\plugins\mcufinder/ => C:\Users\t\.stmcufinder\plugins\mcufinder
2024-01-22 15:28:47,539 [WARN] DbFile:41 - Overriding database path with different value: C:\Users\t\.stmcufinder\plugins\mcufinder/ => C:\Users\t\.stmcufinder\plugins\mcufinder
2024-01-22 15:28:47,540 [INFO] CrossReferenceDbSqlite:203 - Set database path to: C:\Users\t\.stmcufinder\plugins\mcufinder//mcu/cs/
2024-01-22 15:28:47,580 [INFO] MainPanel:264 - HeapMemory: 268435456
2024-01-22 15:28:47,638 [INFO] DbMcusXml:78 - Set database path to: C:\ST\STM32CubeIDE_1.14.1\STM32CubeIDE\plugins\com.st.stm32cube.common.mx_6.10.0.202311202037\\db\/mcu/
2024-01-22 15:28:47,638 [INFO] ApiDb:274 - Set plugin database path to: C:\ST\STM32CubeIDE_1.14.1\STM32CubeIDE\plugins\com.st.stm32cube.common.mx_6.10.0.202311202037\\db\/plugins/boardmanager/
2024-01-22 15:28:47,638 [INFO] ApiDb:261 - Set plugin images path to: C:\ST\STM32CubeIDE_1.14.1\STM32CubeIDE\plugins\com.st.stm32cube.common.mx_6.10.0.202311202037\\db\/plugins/mcufinder/images/
2024-01-22 15:28:47,638 [WARN] DbFile:41 - Overriding database path with different value: C:\Users\t\.stmcufinder\plugins\mcufinder/ => C:\Users\t\.stmcufinder\plugins\mcufinder
2024-01-22 15:28:47,638 [INFO] ApiDb:250 - Set database path to: C:\Users\t\.stmcufinder\plugins\mcufinder//mcu/
2024-01-22 15:28:47,638 [WARN] DbFile:41 - Overriding database path with different value: C:\Users\t\.stmcufinder\plugins\mcufinder/ => C:\Users\t\.stmcufinder\plugins\mcufinder
2024-01-22 15:28:47,639 [INFO] DbMcusAds:125 - Set database path to: C:\Users\t\.stmcufinder\plugins\mcufinder//mcu/
2024-01-22 15:28:47,639 [WARN] DbFile:41 - Overriding database path with different value: C:\Users\t\.stmcufinder\plugins\mcufinder/ => C:\Users\t\.stmcufinder\plugins\mcufinder
2024-01-22 15:28:47,639 [WARN] DbFile:41 - Overriding database path with different value: C:\Users\t\.stmcufinder\plugins\mcufinder/ => C:\Users\t\.stmcufinder\plugins\mcufinder
2024-01-22 15:28:47,639 [INFO] CrossReferenceDbSqlite:203 - Set database path to: C:\Users\t\.stmcufinder\plugins\mcufinder//mcu/cs/
2024-01-22 15:28:47,650 [INFO] ApplicationProperties:184 - Using Application install path: C:\ST\STM32CubeIDE_1.14.1\STM32CubeIDE\plugins\com.st.stm32cube.common.mx_6.10.0.202311202037
2024-01-22 15:28:47,650 [INFO] PluginManage:196 - Search for loadable plugins [exclusion list=, ]
2024-01-22 15:28:47,651 [INFO] PluginManage:310 - Check plugin analytics
2024-01-22 15:28:47,774 [INFO] AnalyticsPlugin:253 - Accepted Software Licenses: STM32CubeMX.6.8.0,STM32CubeMX.6.9.1,STM32CubeMX.6.10.0
2024-01-22 15:28:47,775 [INFO] AnalyticsPlugin:255 - Accepted CMSIS Pack Licenses: STMicroelectronics.X-CUBE-AI.8.1.0
2024-01-22 15:28:47,775 [INFO] AnalyticsPlugin:257 - Accepted Firmware Licenses: FW.F4.1.27.0,FW.G4.1.5.0
2024-01-22 15:28:47,777 [INFO] PluginManage:359 - Loaded plugin analytics (category:tool,tabindex:-1)
2024-01-22 15:28:47,778 [INFO] PluginManage:310 - Check plugin cadmodel
2024-01-22 15:28:47,782 [INFO] CADModel:105 - Init CAD model plugin
2024-01-22 15:28:47,782 [INFO] PluginManage:359 - Loaded plugin cadmodel (category:power,tabindex:5)
2024-01-22 15:28:47,782 [INFO] PluginManage:310 - Check plugin clock
2024-01-22 15:28:47,795 [INFO] PluginManage:359 - Loaded plugin clock (category:base,tabindex:2)
2024-01-22 15:28:47,795 [INFO] PluginManage:310 - Check plugin ddr
2024-01-22 15:28:47,799 [INFO] PluginManage:359 - Loaded plugin ddr (category:tool,tabindex:6)
2024-01-22 15:28:47,799 [INFO] PluginManage:310 - Check plugin filemanager
2024-01-22 15:28:47,930 [INFO] PluginManage:359 - Loaded plugin filemanager (category:base,tabindex:10)
2024-01-22 15:28:47,930 [INFO] PluginManage:310 - Check plugin ipmanager
2024-01-22 15:28:47,935 [INFO] PluginManage:359 - Loaded plugin ipmanager (category:base,tabindex:5)
2024-01-22 15:28:47,936 [INFO] PluginManage:310 - Check plugin lpbam
2024-01-22 15:28:47,941 [INFO] PluginManage:359 - Loaded plugin lpbam (category:base,tabindex:0)
2024-01-22 15:28:47,942 [INFO] PluginManage:310 - Check plugin memorymap
2024-01-22 15:28:47,950 [INFO] PluginManage:359 - Loaded plugin memorymap (category:base,tabindex:4)
2024-01-22 15:28:47,950 [INFO] PluginManage:310 - Check plugin pinoutandconfiguration
2024-01-22 15:28:47,956 [INFO] PluginManage:359 - Loaded plugin pinoutandconfiguration (category:base,tabindex:1)
2024-01-22 15:28:47,956 [INFO] PluginManage:310 - Check plugin pinoutconfig
2024-01-22 15:28:48,041 [WARN] SupportedApi:132 - Cannot load RTOS API schema: s4s-elt-must-match.1: The content of 'definitions' must match (annotation?, (simpleType | complexType)?, (unique | key | keyref)*)). A problem was found starting at: attribute.
2024-01-22 15:28:48,119 [INFO] PluginManage:359 - Loaded plugin pinoutconfig (category:base,tabindex:0)
2024-01-22 15:28:48,119 [INFO] PluginManage:310 - Check plugin power
2024-01-22 15:28:48,125 [INFO] PluginManage:359 - Loaded plugin power (category:power,tabindex:4)
2024-01-22 15:28:48,125 [INFO] PluginManage:310 - Check plugin projectmanager
2024-01-22 15:28:48,136 [INFO] PluginManage:359 - Loaded plugin projectmanager (category:projectmanager,tabindex:3)
2024-01-22 15:28:48,136 [INFO] PluginManage:310 - Check plugin thirdparty
2024-01-22 15:28:48,215 [WARN] IntegrityCheckThread:84 - waiting for thirdparty lock release [integrity check]
2024-01-22 15:28:48,216 [INFO] IntegrityCheckThread:86 - entering critical section [integrity check]
2024-01-22 15:28:48,216 [INFO] ThirdPartyUpdaterWithRetryManager:70 - Updater plugin not ready yet. [1/15]
2024-01-22 15:28:48,216 [INFO] PluginManage:359 - Loaded plugin thirdparty (category:base,tabindex:-1)
2024-01-22 15:28:48,216 [INFO] PluginManage:310 - Check plugin tools
2024-01-22 15:28:48,220 [INFO] PluginManage:359 - Loaded plugin tools (category:base,tabindex:7)
2024-01-22 15:28:48,220 [INFO] PluginManage:310 - Check plugin tutovideos
2024-01-22 15:28:48,318 [INFO] PluginManage:359 - Loaded plugin tutovideos (category:base,tabindex:-1)
2024-01-22 15:28:48,318 [INFO] PluginManage:310 - Check plugin updater
2024-01-22 15:28:48,323 [INFO] PluginManage:359 - Loaded plugin updater (category:base,tabindex:12)
2024-01-22 15:28:48,323 [INFO] PluginManage:310 - Check plugin userauth
2024-01-22 15:28:48,326 [INFO] UserAuth:114 - Init User Auth plugin
2024-01-22 15:28:48,326 [INFO] PluginManage:359 - Loaded plugin userauth (category:base,tabindex:14)
2024-01-22 15:28:48,327 [INFO] PluginManage:283 - PluginManage : Loaded plugins [17]
2024-01-22 15:28:48,453 [INFO] PinOutPanel:1499 - setPackage(No Configuration,No Configuration)
2024-01-22 15:28:48,498 [INFO] CADModel:165 - CPN selected for project level
2024-01-22 15:28:48,498 [INFO] CADModel:114 - Register for checkConnection events
2024-01-22 15:28:48,507 [INFO] IPUIPlugin:80 - create IPUIPlugin
2024-01-22 15:28:48,507 [INFO] PluginManager:220 - loadIPPluginJar : add adc
2024-01-22 15:28:48,509 [INFO] IPUIPlugin:80 - create IPUIPlugin
2024-01-22 15:28:48,509 [INFO] PluginManager:220 - loadIPPluginJar : add aes
2024-01-22 15:28:48,510 [INFO] IPUIPlugin:80 - create IPUIPlugin
2024-01-22 15:28:48,510 [INFO] PluginManager:220 - loadIPPluginJar : add can
2024-01-22 15:28:48,511 [INFO] IPUIPlugin:80 - create IPUIPlugin
2024-01-22 15:28:48,511 [INFO] PluginManager:220 - loadIPPluginJar : add comp
2024-01-22 15:28:48,512 [INFO] IPUIPlugin:80 - create IPUIPlugin
2024-01-22 15:28:48,512 [INFO] PluginManager:220 - loadIPPluginJar : add cryp
2024-01-22 15:28:48,513 [INFO] IPUIPlugin:80 - create IPUIPlugin
2024-01-22 15:28:48,513 [INFO] PluginManager:220 - loadIPPluginJar : add dfsdm
2024-01-22 15:28:48,516 [INFO] IPUIPlugin:80 - create IPUIPlugin
2024-01-22 15:28:48,517 [INFO] PluginManager:220 - loadIPPluginJar : add dma
2024-01-22 15:28:48,518 [INFO] IPUIPlugin:80 - create IPUIPlugin
2024-01-22 15:28:48,518 [INFO] PluginManager:220 - loadIPPluginJar : add dma3
2024-01-22 15:28:48,518 [INFO] IPUIPlugin:80 - create IPUIPlugin
2024-01-22 15:28:48,519 [INFO] PluginManager:220 - loadIPPluginJar : add fatfs
2024-01-22 15:28:48,521 [INFO] IPUIPlugin:80 - create IPUIPlugin
2024-01-22 15:28:48,521 [INFO] PluginManager:220 - loadIPPluginJar : add fmc
2024-01-22 15:28:48,523 [INFO] IPUIPlugin:80 - create IPUIPlugin
2024-01-22 15:28:48,523 [INFO] PluginManager:220 - loadIPPluginJar : add freertos
2024-01-22 15:28:48,524 [INFO] IPUIPlugin:80 - create IPUIPlugin
2024-01-22 15:28:48,524 [INFO] PluginManager:220 - loadIPPluginJar : add genericplugin
2024-01-22 15:28:48,525 [INFO] IPUIPlugin:80 - create IPUIPlugin
2024-01-22 15:28:48,525 [INFO] PluginManager:220 - loadIPPluginJar : add gfxmmu
2024-01-22 15:28:48,528 [INFO] IPUIPlugin:80 - create IPUIPlugin
2024-01-22 15:28:48,528 [INFO] PluginManager:220 - loadIPPluginJar : add gic
2024-01-22 15:28:48,530 [INFO] IPUIPlugin:80 - create IPUIPlugin
2024-01-22 15:28:48,530 [INFO] PluginManager:220 - loadIPPluginJar : add gpio
2024-01-22 15:28:48,531 [INFO] IPUIPlugin:80 - create IPUIPlugin
2024-01-22 15:28:48,531 [INFO] PluginManager:220 - loadIPPluginJar : add gtzc
2024-01-22 15:28:48,532 [INFO] IPUIPlugin:80 - create IPUIPlugin
2024-01-22 15:28:48,532 [INFO] PluginManager:220 - loadIPPluginJar : add hash
2024-01-22 15:28:48,533 [INFO] IPUIPlugin:80 - create IPUIPlugin
2024-01-22 15:28:48,533 [INFO] PluginManager:220 - loadIPPluginJar : add i2c
2024-01-22 15:28:48,534 [INFO] IPUIPlugin:80 - create IPUIPlugin
2024-01-22 15:28:48,535 [INFO] PluginManager:220 - loadIPPluginJar : add i2s
2024-01-22 15:28:48,536 [INFO] IPUIPlugin:80 - create IPUIPlugin
2024-01-22 15:28:48,536 [INFO] PluginManager:220 - loadIPPluginJar : add i3c
2024-01-22 15:28:48,538 [INFO] IPUIPlugin:80 - create IPUIPlugin
2024-01-22 15:28:48,538 [INFO] PluginManager:220 - loadIPPluginJar : add ipddr
2024-01-22 15:28:48,541 [INFO] IPUIPlugin:80 - create IPUIPlugin
2024-01-22 15:28:48,541 [INFO] PluginManager:220 - loadIPPluginJar : add linkedlist
2024-01-22 15:28:48,542 [INFO] IPUIPlugin:80 - create IPUIPlugin
2024-01-22 15:28:48,543 [INFO] PluginManager:220 - loadIPPluginJar : add lorawan
2024-01-22 15:28:48,543 [INFO] IPUIPlugin:80 - create IPUIPlugin
2024-01-22 15:28:48,543 [INFO] PluginManager:220 - loadIPPluginJar : add ltdc
2024-01-22 15:28:48,546 [INFO] IPUIPlugin:80 - create IPUIPlugin
2024-01-22 15:28:48,546 [INFO] PluginManager:220 - loadIPPluginJar : add mdma
2024-01-22 15:28:48,548 [INFO] IPUIPlugin:80 - create IPUIPlugin
2024-01-22 15:28:48,548 [INFO] PluginManager:220 - loadIPPluginJar : add nvic
2024-01-22 15:28:48,550 [INFO] IPUIPlugin:80 - create IPUIPlugin
2024-01-22 15:28:48,550 [INFO] PluginManager:220 - loadIPPluginJar : add opamp
2024-01-22 15:28:48,551 [INFO] IPUIPlugin:80 - create IPUIPlugin
2024-01-22 15:28:48,551 [INFO] PluginManager:220 - loadIPPluginJar : add openamp
2024-01-22 15:28:48,553 [INFO] IPUIPlugin:80 - create IPUIPlugin
2024-01-22 15:28:48,553 [INFO] PluginManager:220 - loadIPPluginJar : add pdm2pcm
2024-01-22 15:28:48,556 [INFO] IPUIPlugin:80 - create IPUIPlugin
2024-01-22 15:28:48,558 [INFO] PluginManager:220 - loadIPPluginJar : add plateformsettings
2024-01-22 15:28:48,558 [INFO] IPUIPlugin:80 - create IPUIPlugin
2024-01-22 15:28:48,558 [INFO] PluginManager:220 - loadIPPluginJar : add quadspi
2024-01-22 15:28:48,560 [INFO] IPUIPlugin:80 - create IPUIPlugin
2024-01-22 15:28:48,560 [INFO] PluginManager:220 - loadIPPluginJar : add resmgrutility
2024-01-22 15:28:48,561 [INFO] IPUIPlugin:80 - create IPUIPlugin
2024-01-22 15:28:48,561 [INFO] PluginManager:220 - loadIPPluginJar : add sai
2024-01-22 15:28:48,562 [INFO] IPUIPlugin:80 - create IPUIPlugin
2024-01-22 15:28:48,562 [INFO] PluginManager:220 - loadIPPluginJar : add spi
2024-01-22 15:28:48,565 [INFO] IPUIPlugin:80 - create IPUIPlugin
2024-01-22 15:28:48,565 [INFO] PluginManager:220 - loadIPPluginJar : add stm32_wpan
2024-01-22 15:28:48,566 [INFO] IPUIPlugin:80 - create IPUIPlugin
2024-01-22 15:28:48,566 [INFO] PluginManager:220 - loadIPPluginJar : add tim
2024-01-22 15:28:48,567 [INFO] IPUIPlugin:80 - create IPUIPlugin
2024-01-22 15:28:48,567 [INFO] PluginManager:220 - loadIPPluginJar : add touchsensing
2024-01-22 15:28:48,568 [INFO] IPUIPlugin:80 - create IPUIPlugin
2024-01-22 15:28:48,568 [INFO] PluginManager:220 - loadIPPluginJar : add tracer_emb
2024-01-22 15:28:48,569 [INFO] IPUIPlugin:80 - create IPUIPlugin
2024-01-22 15:28:48,569 [INFO] PluginManager:220 - loadIPPluginJar : add ts
2024-01-22 15:28:48,569 [INFO] IPUIPlugin:80 - create IPUIPlugin
2024-01-22 15:28:48,570 [INFO] PluginManager:220 - loadIPPluginJar : add tsc
2024-01-22 15:28:48,570 [INFO] IPUIPlugin:80 - create IPUIPlugin
2024-01-22 15:28:48,570 [INFO] PluginManager:220 - loadIPPluginJar : add ucpd
2024-01-22 15:28:48,572 [INFO] IPUIPlugin:80 - create IPUIPlugin
2024-01-22 15:28:48,572 [INFO] PluginManager:220 - loadIPPluginJar : add usart
2024-01-22 15:28:48,573 [INFO] IPUIPlugin:80 - create IPUIPlugin
2024-01-22 15:28:48,573 [INFO] PluginManager:220 - loadIPPluginJar : add usbx
2024-01-22 15:28:48,678 [INFO] CADModel:165 - CPN selected for project level
2024-01-22 15:28:48,678 [INFO] CADModel:114 - Register for checkConnection events
2024-01-22 15:28:48,678 [FATAL] Updater:308 - Updater called before beeing initialized
2024-01-22 15:28:48,678 [ERROR] CADModel:125 - Updater not yet initialized, retry later 
2024-01-22 15:28:48,759 [INFO] CADModel:165 - CPN selected for project level
2024-01-22 15:28:48,759 [INFO] CADModel:114 - Register for checkConnection events
2024-01-22 15:28:48,759 [FATAL] Updater:308 - Updater called before beeing initialized
2024-01-22 15:28:48,759 [ERROR] CADModel:125 - Updater not yet initialized, retry later 
2024-01-22 15:28:48,761 [FATAL] Updater:308 - Updater called before beeing initialized
2024-01-22 15:28:48,844 [FATAL] Updater:308 - Updater called before beeing initialized
2024-01-22 15:28:48,848 [INFO] DbMcusAds:53 - JSON generation date=Wed Nov 29 18:52:27 CST 2023 (1701255147200)
2024-01-22 15:28:48,848 [FATAL] Updater:308 - Updater called before beeing initialized
2024-01-22 15:28:48,870 [WARN] DetailPanel:346 - Failed to get advertising image, set to default
2024-01-22 15:28:48,936 [FATAL] Updater:308 - Updater called before beeing initialized
2024-01-22 15:28:48,937 [FATAL] Updater:308 - Updater called before beeing initialized
2024-01-22 15:28:48,937 [FATAL] Updater:308 - Updater called before beeing initialized
2024-01-22 15:28:48,937 [WARN] DetailPanel:346 - Failed to get advertising image, set to default
2024-01-22 15:28:48,937 [FATAL] Updater:308 - Updater called before beeing initialized
2024-01-22 15:28:48,968 [ERROR] Updater:1120 - MainUpdater not yet initialized. External WinMGr cannot be set.
2024-01-22 15:28:48,970 [INFO] Updater:1056 - Updater Version found : 6.10.0
2024-01-22 15:28:48,980 [INFO] ApplicationProperties:184 - Using Application install path: C:\ST\STM32CubeIDE_1.14.1\STM32CubeIDE\plugins\com.st.stm32cube.common.mx_6.10.0.202311202037
2024-01-22 15:28:49,008 [INFO] MainUpdater:526 - Copy updater definitions from MX database
2024-01-22 15:28:49,201 [INFO] MainUpdater:2873 - connection check result : 10
2024-01-22 15:28:49,201 [INFO] MainUpdater:3567 - Updater definition file requires update
2024-01-22 15:28:49,201 [INFO] MainUpdater:290 - Updater Check For Update Now.
2024-01-22 15:28:49,202 [INFO] MicroXplorer:498 - Change Database Version : DB.6.0.100
2024-01-22 15:28:49,204 [INFO] McuFinderGlobals:63 - Set McuFinder mode to 2 (CubeIDE integrated)
2024-01-22 15:28:49,256 [INFO] ServerAccessManage:473 - Download File updaters.zip
2024-01-22 15:28:49,306 [INFO] FileExtend:240 - Unzip File : updaters.zip
2024-01-22 15:28:49,306 [INFO] FileExtend:255 - Standard Zip Deflate
2024-01-22 15:28:49,451 [INFO] ServerAccessManage:473 - Download File PacksControlFlags.xml
2024-01-22 15:28:49,489 [INFO] ServerAccessManage:473 - Download File cubemx.pidx
2024-01-22 15:28:49,547 [INFO] LoadServerUpdatesThread:375 - End of LoadServerUpdate Thread
2024-01-22 15:28:49,605 [INFO] UserAuth:404 - Internet connection configuration mode: 1
2024-01-22 15:28:49,622 [INFO] JxBrowserEngine:152 - Initiate JxBrowser Engine with user profile folder
2024-01-22 15:28:49,683 [INFO] CheckServerUpdateThread:120 - End of CheckServer Thread
2024-01-22 15:28:50,008 [INFO] WebApp:161 - Instantiating new browser for Auth
2024-01-22 15:28:50,334 [INFO] WebApp:780 - Register for checkConnection events
2024-01-22 15:28:50,335 [INFO] WebApp:414 - Apply proxy settings
2024-01-22 15:28:50,335 [INFO] WebApp:499 - Chromium requires no authentication
2024-01-22 15:28:50,339 [INFO] WebApp:442 - Direct internet connection detected
2024-01-22 15:28:50,419 [INFO] WebApp:192 - Starting web application
2024-01-22 15:28:50,419 [INFO] WebApp:544 - Web application path used C:\ST\STM32CubeIDE_1.14.1\STM32CubeIDE\plugins\com.st.stm32cube.common.mx_6.10.0.202311202037\db\plugins\mcufinder\reactClient1\index.html
2024-01-22 15:28:51,316 [WARN] PackLoader:240 - Cannot read IP mode file for STMicroelectronics.X-CUBE-SMBUS.2.1.0
2024-01-22 15:28:51,321 [WARN] PackLoader:240 - Cannot read IP mode file for STMicroelectronics.X-CUBE-TOUCHGFX.4.23.0
2024-01-22 15:28:51,337 [WARN] PackLoader:240 - Cannot read IP mode file for STMicroelectronics.X-CUBE-AZRTOS-F7.1.1.0
2024-01-22 15:28:51,345 [WARN] PackLoader:240 - Cannot read IP mode file for STMicroelectronics.FP-SNS-MOTENV1.4.3.2
2024-01-22 15:28:51,356 [WARN] PackLoader:240 - Cannot read IP mode file for STMicroelectronics.X-CUBE-BLE1.6.2.4
2024-01-22 15:28:51,360 [WARN] PackLoader:240 - Cannot read IP mode file for STMicroelectronics.FP-SNS-FLIGHT1.5.0.2
2024-01-22 15:28:51,366 [WARN] PackLoader:240 - Cannot read IP mode file for STMicroelectronics.X-CUBE-DISPLAY.3.0.0
2024-01-22 15:28:51,373 [WARN] PackLoader:240 - Cannot read IP mode file for STMicroelectronics.X-CUBE-BLE1.7.0.0
2024-01-22 15:28:51,377 [WARN] PackLoader:240 - Cannot read IP mode file for emotas.I-CUBE-CANOPEN.1.3.0
2024-01-22 15:28:51,379 [WARN] PackLoader:240 - Cannot read IP mode file for STMicroelectronics.X-CUBE-TOUCHGFX.4.22.0
2024-01-22 15:28:51,380 [WARN] PackLoader:240 - Cannot read IP mode file for STMicroelectronics.X-CUBE-TOUCHGFX.4.22.1
2024-01-22 15:28:51,383 [WARN] PackLoader:240 - Cannot read IP mode file for STMicroelectronics.FP-SNS-SMARTAG2.1.2.0
2024-01-22 15:28:51,395 [INFO] LogOutputStream:77 - [STDOUT_REDIRECT] 1 : Invalid condition id : UX_CORESTACK_Condition cause : null
2024-01-22 15:28:51,396 [INFO] LogOutputStream:77 - [STDOUT_REDIRECT] 1 : Invalid condition id : UX_CORESTACK_Condition cause : null
2024-01-22 15:28:51,397 [INFO] LogOutputStream:77 - [STDOUT_REDIRECT] 1 : Invalid condition id : UX_CORESTACK_Condition cause : null
2024-01-22 15:28:51,398 [INFO] LogOutputStream:77 - [STDOUT_REDIRECT] 1 : Invalid condition id : UX_CORESTACK_Condition cause : null
2024-01-22 15:28:51,400 [INFO] LogOutputStream:77 - [STDOUT_REDIRECT] 1 : Invalid condition id : UX_CORESTACK_Condition cause : null
2024-01-22 15:28:51,402 [WARN] PackLoader:240 - Cannot read IP mode file for STMicroelectronics.X-CUBE-AZRTOS-WL.2.0.0
2024-01-22 15:28:51,412 [WARN] PackLoader:240 - Cannot read IP mode file for WES.I-CUBE-Cesium.1.3.0
2024-01-22 15:28:51,416 [WARN] PackLoader:240 - Cannot read IP mode file for STMicroelectronics.X-CUBE-BLE2.3.3.0
2024-01-22 15:28:51,420 [WARN] PackLoader:240 - Cannot read IP mode file for STMicroelectronics.X-CUBE-ALGOBUILD.1.3.0
2024-01-22 15:28:51,436 [WARN] PackLoader:240 - Cannot read IP mode file for STMicroelectronics.X-CUBE-AZRTOS-G0.1.1.0
2024-01-22 15:28:51,441 [WARN] PackLoader:240 - Cannot read IP mode file for STMicroelectronics.X-CUBE-NFC4.3.0.0
2024-01-22 15:28:51,448 [WARN] PackLoader:240 - Cannot read IP mode file for STMicroelectronics.X-CUBE-BLEMGR.3.0.0
2024-01-22 15:28:51,452 [WARN] PackLoader:240 - Cannot read IP mode file for STMicroelectronics.FP-ATR-SIGFOX1.3.2.0
2024-01-22 15:28:51,476 [WARN] PackLoader:240 - Cannot read IP mode file for SEGGER.I-CUBE-embOS.1.3.1
2024-01-22 15:28:51,501 [WARN] PackLoader:240 - Cannot read IP mode file for STMicroelectronics.X-CUBE-GNSS1.6.0.0
2024-01-22 15:28:51,512 [WARN] PackLoader:240 - Cannot read IP mode file for STMicroelectronics.X-CUBE-AZRTOS-F4.1.1.0
2024-01-22 15:28:51,516 [WARN] PackLoader:240 - Cannot read IP mode file for wolfSSL.I-CUBE-wolfSSL.5.6.3
2024-01-22 15:28:51,525 [WARN] PackLoader:240 - Cannot read IP mode file for STMicroelectronics.X-CUBE-AZRTOS-L5.2.0.0
2024-01-22 15:28:51,550 [WARN] PackLoader:240 - Cannot read IP mode file for STMicroelectronics.X-CUBE-MEMS1.9.6.0
2024-01-22 15:28:51,639 [WARN] PackLoader:240 - Cannot read IP mode file for STMicroelectronics.X-CUBE-EEPRMA1.4.2.0
2024-01-22 15:28:51,642 [WARN] PackLoader:240 - Cannot read IP mode file for ITTIA_DB.I-CUBE-ITTIADB.8.8.0
2024-01-22 15:28:51,645 [WARN] PackLoader:240 - Cannot read IP mode file for STMicroelectronics.X-CUBE-BLEMGR.2.0.0
2024-01-22 15:28:51,653 [WARN] ConditionMgr:438 - getConditionDescription Invalid condition id : UX DEVICE CLASS RTOS Condition cause : null
2024-01-22 15:28:51,653 [WARN] ConditionMgr:438 - getConditionDescription Invalid condition id : UX DEVICE CLASS RTOS Condition cause : null
2024-01-22 15:28:51,654 [WARN] PackLoader:240 - Cannot read IP mode file for STMicroelectronics.X-CUBE-AZRTOS-H7.3.1.0
2024-01-22 15:28:51,655 [WARN] ConditionMgr:1039 - genDependencies : Invalid condition id : UX DEVICE CLASS RTOS Condition cause : null
2024-01-22 15:28:51,655 [WARN] ConditionMgr:1039 - genDependencies : Invalid condition id : UX DEVICE CLASS RTOS Condition cause : null
2024-01-22 15:28:51,655 [WARN] ConditionMgr:1039 - genDependencies : Invalid condition id : UX DEVICE CLASS RTOS Condition cause : null
2024-01-22 15:28:51,655 [WARN] ConditionMgr:1039 - genDependencies : Invalid condition id : UX DEVICE CLASS RTOS Condition cause : null
2024-01-22 15:28:51,655 [WARN] ConditionMgr:1039 - genDependencies : Invalid condition id : UX DEVICE CLASS RTOS Condition cause : null
2024-01-22 15:28:51,659 [WARN] PackLoader:240 - Cannot read IP mode file for STMicroelectronics.X-CUBE-NFC7.1.0.1
2024-01-22 15:28:51,663 [WARN] PackLoader:240 - Cannot read IP mode file for STMicroelectronics.X-CUBE-NFC6.3.0.0
2024-01-22 15:28:51,666 [WARN] PackLoader:240 - Cannot read IP mode file for STMicroelectronics.X-CUBE-EEPRMA1.4.1.0
2024-01-22 15:28:51,670 [WARN] PackLoader:240 - Cannot read IP mode file for STMicroelectronics.X-CUBE-AI.8.1.0
2024-01-22 15:28:51,747 [WARN] ConditionMgr:438 - getConditionDescription Invalid condition id : LAN8742 Phy interface Condition cause : null
2024-01-22 15:28:51,747 [WARN] PackLoader:240 - Cannot read IP mode file for STMicroelectronics.X-CUBE-AZRTOS-L4.2.0.0
2024-01-22 15:28:51,748 [WARN] ConditionMgr:1039 - genDependencies : Invalid condition id : LAN8742 Phy interface Condition cause : null
2024-01-22 15:28:51,748 [WARN] ConditionMgr:1039 - genDependencies : Invalid condition id : LAN8742 Phy interface Condition cause : null
2024-01-22 15:28:51,748 [WARN] ConditionMgr:1039 - genDependencies : Invalid condition id : LAN8742 Phy interface Condition cause : null
2024-01-22 15:28:51,761 [WARN] PackLoader:240 - Cannot read IP mode file for STMicroelectronics.X-CUBE-SFXS2LP1.4.0.0
2024-01-22 15:28:51,764 [WARN] PackLoader:240 - Cannot read IP mode file for STMicroelectronics.X-CUBE-ISPU.1.1.0
2024-01-22 15:28:51,775 [WARN] ConditionMgr:438 - getConditionDescription Invalid condition id : UX DEVICE CLASS RTOS Condition cause : null
2024-01-22 15:28:51,775 [WARN] ConditionMgr:438 - getConditionDescription Invalid condition id : UX DEVICE CLASS RTOS Condition cause : null
2024-01-22 15:28:51,776 [WARN] PackLoader:240 - Cannot read IP mode file for STMicroelectronics.X-CUBE-AZRTOS-WB.2.0.0
2024-01-22 15:28:51,776 [WARN] ConditionMgr:1039 - genDependencies : Invalid condition id : UX DEVICE CLASS RTOS Condition cause : null
2024-01-22 15:28:51,776 [WARN] ConditionMgr:1039 - genDependencies : Invalid condition id : UX DEVICE CLASS RTOS Condition cause : null
2024-01-22 15:28:51,777 [WARN] ConditionMgr:1039 - genDependencies : Invalid condition id : UX DEVICE CLASS RTOS Condition cause : null
2024-01-22 15:28:51,777 [WARN] ConditionMgr:1039 - genDependencies : Invalid condition id : UX DEVICE CLASS RTOS Condition cause : null
2024-01-22 15:28:51,777 [WARN] ConditionMgr:1039 - genDependencies : Invalid condition id : UX DEVICE CLASS RTOS Condition cause : null
2024-01-22 15:28:51,780 [WARN] PackLoader:240 - Cannot read IP mode file for STMicroelectronics.X-CUBE-FREERTOS.1.0.1
2024-01-22 15:28:51,791 [WARN] PackLoader:240 - Cannot read IP mode file for STMicroelectronics.X-CUBE-AZRTOS-L5.1.1.0
2024-01-22 15:28:51,799 [WARN] PackLoader:240 - Cannot read IP mode file for STMicroelectronics.X-CUBE-SUBG2.5.0.0
2024-01-22 15:28:51,808 [WARN] PackLoader:240 - Cannot read IP mode file for STMicroelectronics.X-CUBE-TOF1.3.3.1
2024-01-22 15:28:51,823 [WARN] PackLoader:240 - Cannot read IP mode file for STMicroelectronics.X-CUBE-AZRTOS-G4.2.0.0
2024-01-22 15:28:51,834 [WARN] PackLoader:240 - Cannot read IP mode file for Infineon.AIROC-Wi-Fi-Bluetooth-STM32.1.5.1
2024-01-22 15:28:51,838 [WARN] PackLoader:240 - Cannot read IP mode file for STMicroelectronics.FP-SNS-MOTENVWB1.1.3.0
2024-01-22 15:28:51,840 [WARN] PackLoader:240 - Cannot read IP mode file for STMicroelectronics.FP-SNS-MOTENVWB1.1.3.1
2024-01-22 15:28:51,841 [WARN] PackLoader:240 - Cannot read IP mode file for STMicroelectronics.X-CUBE-ISPU.2.0.0
2024-01-22 15:28:51,858 [WARN] PackLoader:240 - Cannot read IP mode file for STMicroelectronics.X-CUBE-MEMS1.10.0.0
2024-01-22 15:28:51,920 [WARN] PackLoader:240 - Cannot read IP mode file for STMicroelectronics.X-CUBE-FREERTOS.1.1.0
2024-01-22 15:28:51,924 [WARN] PackLoader:240 - Cannot read IP mode file for portGmbH.I-Cube-SoM-uGOAL.1.1.0
2024-01-22 15:28:51,927 [WARN] PackLoader:240 - Cannot read IP mode file for STMicroelectronics.X-CUBE-ALS.1.0.1
2024-01-22 15:28:51,932 [WARN] PackLoader:240 - Cannot read IP mode file for STMicroelectronics.X-CUBE-AZRTOS-WB.1.1.0
2024-01-22 15:28:51,936 [WARN] PackLoader:240 - Cannot read IP mode file for STMicroelectronics.FP-ATR-ASTRA1.2.0.0
2024-01-22 15:28:51,940 [WARN] PackLoader:240 - Cannot read IP mode file for STMicroelectronics.X-CUBE-TOF1.3.4.0
2024-01-22 15:28:51,953 [WARN] PackLoader:240 - Cannot read IP mode file for STMicroelectronics.X-CUBE-AZRTOS-H7.3.2.0
2024-01-22 15:28:51,955 [INFO] ThirdParty:978 - Integrity check success = true
2024-01-22 15:28:51,955 [INFO] IntegrityCheckThread:100 - exiting critical section [integrity check]
2024-01-22 15:28:51,955 [INFO] IntegrityCheckThread:103 - End integrity checks thread
2024-01-22 15:29:10,896 [ERROR] LogOutputStream:75 - [STDERR_REDIRECT] SLF4J: Failed to load class "org.slf4j.impl.StaticLoggerBinder".
2024-01-22 15:29:10,896 [ERROR] LogOutputStream:75 - [STDERR_REDIRECT] SLF4J: Defaulting to no-operation (NOP) logger implementation
2024-01-22 15:29:10,897 [ERROR] LogOutputStream:75 - [STDERR_REDIRECT] SLF4J: See http://www.slf4j.org/codes.html#StaticLoggerBinder for further details.
2024-01-22 16:54:56,312 [ERROR] LogOutputStream:75 - [STDERR_REDIRECT] 
