2024-01-20 16:08:37,089 [INFO] Activator:176 - 


2024-01-20 16:08:37,090 [INFO] Activator:177 - !SESSION log4j initialized
2024-01-20 16:08:38,924 [INFO] LogOutputStream:77 - [STDOUT_REDIRECT] 
2024-01-20 16:08:40,419 [INFO] ApplicationProperties:184 - Using Application install path: C:\ST\STM32CubeIDE_1.14.1\STM32CubeIDE\plugins\com.st.stm32cube.common.mx_6.10.0.202311202037
2024-01-20 16:08:40,444 [INFO] DbMcusXml:78 - Set database path to: C:\ST\STM32CubeIDE_1.14.1\STM32CubeIDE\plugins\com.st.stm32cube.common.mx_6.10.0.202311202037\\db\/mcu/
2024-01-20 16:08:40,445 [INFO] ApiDb:274 - Set plugin database path to: C:\ST\STM32CubeIDE_1.14.1\STM32CubeIDE\plugins\com.st.stm32cube.common.mx_6.10.0.202311202037\\db\/plugins/boardmanager/
2024-01-20 16:08:40,449 [WARN] ApiDb:259 - Overriding images path with different value:  => C:\ST\STM32CubeIDE_1.14.1\STM32CubeIDE\plugins\com.st.stm32cube.common.mx_6.10.0.202311202037\\db\/plugins/mcufinder/images/
2024-01-20 16:08:40,452 [INFO] ApiDb:250 - Set database path to: C:\Users\t\.stmcufinder\plugins\mcufinder//mcu/
2024-01-20 16:08:40,452 [INFO] DbMcusAds:125 - Set database path to: C:\Users\t\.stmcufinder\plugins\mcufinder//mcu/
2024-01-20 16:08:40,454 [INFO] CrossReferenceDbSqlite:203 - Set database path to: C:\Users\t\.stmcufinder\plugins\mcufinder//mcu/cs/
2024-01-20 16:08:40,529 [INFO] RulesReader:64 - Compatibility file has been processed (297 Rules)
2024-01-20 16:08:40,606 [INFO] DbMcusXml:78 - Set database path to: C:\ST\STM32CubeIDE_1.14.1\STM32CubeIDE\plugins\com.st.stm32cube.common.mx_6.10.0.202311202037\\db\/mcu/
2024-01-20 16:08:40,606 [INFO] ApiDb:274 - Set plugin database path to: C:\ST\STM32CubeIDE_1.14.1\STM32CubeIDE\plugins\com.st.stm32cube.common.mx_6.10.0.202311202037\\db\/plugins/boardmanager/
2024-01-20 16:08:40,606 [INFO] ApiDb:261 - Set plugin images path to: C:\ST\STM32CubeIDE_1.14.1\STM32CubeIDE\plugins\com.st.stm32cube.common.mx_6.10.0.202311202037\\db\/plugins/mcufinder/images/
2024-01-20 16:08:40,607 [WARN] DbFile:41 - Overriding database path with different value: C:\Users\t\.stmcufinder\plugins\mcufinder/ => C:\Users\t\.stmcufinder\plugins\mcufinder
2024-01-20 16:08:40,607 [INFO] ApiDb:250 - Set database path to: C:\Users\t\.stmcufinder\plugins\mcufinder//mcu/
2024-01-20 16:08:40,607 [WARN] DbFile:41 - Overriding database path with different value: C:\Users\t\.stmcufinder\plugins\mcufinder/ => C:\Users\t\.stmcufinder\plugins\mcufinder
2024-01-20 16:08:40,607 [INFO] DbMcusAds:125 - Set database path to: C:\Users\t\.stmcufinder\plugins\mcufinder//mcu/
2024-01-20 16:08:40,607 [WARN] DbFile:41 - Overriding database path with different value: C:\Users\t\.stmcufinder\plugins\mcufinder/ => C:\Users\t\.stmcufinder\plugins\mcufinder
2024-01-20 16:08:40,607 [WARN] DbFile:41 - Overriding database path with different value: C:\Users\t\.stmcufinder\plugins\mcufinder/ => C:\Users\t\.stmcufinder\plugins\mcufinder
2024-01-20 16:08:40,607 [INFO] CrossReferenceDbSqlite:203 - Set database path to: C:\Users\t\.stmcufinder\plugins\mcufinder//mcu/cs/
2024-01-20 16:08:40,646 [INFO] MainPanel:264 - HeapMemory: 268435456
2024-01-20 16:08:40,683 [INFO] DbMcusXml:78 - Set database path to: C:\ST\STM32CubeIDE_1.14.1\STM32CubeIDE\plugins\com.st.stm32cube.common.mx_6.10.0.202311202037\\db\/mcu/
2024-01-20 16:08:40,683 [INFO] ApiDb:274 - Set plugin database path to: C:\ST\STM32CubeIDE_1.14.1\STM32CubeIDE\plugins\com.st.stm32cube.common.mx_6.10.0.202311202037\\db\/plugins/boardmanager/
2024-01-20 16:08:40,683 [INFO] ApiDb:261 - Set plugin images path to: C:\ST\STM32CubeIDE_1.14.1\STM32CubeIDE\plugins\com.st.stm32cube.common.mx_6.10.0.202311202037\\db\/plugins/mcufinder/images/
2024-01-20 16:08:40,684 [WARN] DbFile:41 - Overriding database path with different value: C:\Users\t\.stmcufinder\plugins\mcufinder/ => C:\Users\t\.stmcufinder\plugins\mcufinder
2024-01-20 16:08:40,684 [INFO] ApiDb:250 - Set database path to: C:\Users\t\.stmcufinder\plugins\mcufinder//mcu/
2024-01-20 16:08:40,684 [WARN] DbFile:41 - Overriding database path with different value: C:\Users\t\.stmcufinder\plugins\mcufinder/ => C:\Users\t\.stmcufinder\plugins\mcufinder
2024-01-20 16:08:40,684 [INFO] DbMcusAds:125 - Set database path to: C:\Users\t\.stmcufinder\plugins\mcufinder//mcu/
2024-01-20 16:08:40,684 [WARN] DbFile:41 - Overriding database path with different value: C:\Users\t\.stmcufinder\plugins\mcufinder/ => C:\Users\t\.stmcufinder\plugins\mcufinder
2024-01-20 16:08:40,684 [WARN] DbFile:41 - Overriding database path with different value: C:\Users\t\.stmcufinder\plugins\mcufinder/ => C:\Users\t\.stmcufinder\plugins\mcufinder
2024-01-20 16:08:40,684 [INFO] CrossReferenceDbSqlite:203 - Set database path to: C:\Users\t\.stmcufinder\plugins\mcufinder//mcu/cs/
2024-01-20 16:08:40,693 [INFO] ApplicationProperties:184 - Using Application install path: C:\ST\STM32CubeIDE_1.14.1\STM32CubeIDE\plugins\com.st.stm32cube.common.mx_6.10.0.202311202037
2024-01-20 16:08:40,694 [INFO] PluginManage:196 - Search for loadable plugins [exclusion list=, ]
2024-01-20 16:08:40,695 [INFO] PluginManage:310 - Check plugin analytics
2024-01-20 16:08:40,832 [INFO] AnalyticsPlugin:253 - Accepted Software Licenses: STM32CubeMX.6.8.0,STM32CubeMX.6.9.1,STM32CubeMX.6.10.0
2024-01-20 16:08:40,833 [INFO] AnalyticsPlugin:255 - Accepted CMSIS Pack Licenses: STMicroelectronics.X-CUBE-AI.8.1.0
2024-01-20 16:08:40,833 [INFO] AnalyticsPlugin:257 - Accepted Firmware Licenses: FW.F4.1.27.0,FW.G4.1.5.0
2024-01-20 16:08:40,836 [INFO] PluginManage:359 - Loaded plugin analytics (category:tool,tabindex:-1)
2024-01-20 16:08:40,837 [INFO] PluginManage:310 - Check plugin cadmodel
2024-01-20 16:08:40,841 [INFO] CADModel:105 - Init CAD model plugin
2024-01-20 16:08:40,842 [INFO] PluginManage:359 - Loaded plugin cadmodel (category:power,tabindex:5)
2024-01-20 16:08:40,842 [INFO] PluginManage:310 - Check plugin clock
2024-01-20 16:08:40,854 [INFO] PluginManage:359 - Loaded plugin clock (category:base,tabindex:2)
2024-01-20 16:08:40,855 [INFO] PluginManage:310 - Check plugin ddr
2024-01-20 16:08:40,857 [INFO] PluginManage:359 - Loaded plugin ddr (category:tool,tabindex:6)
2024-01-20 16:08:40,857 [INFO] PluginManage:310 - Check plugin filemanager
2024-01-20 16:08:41,042 [INFO] PluginManage:359 - Loaded plugin filemanager (category:base,tabindex:10)
2024-01-20 16:08:41,042 [INFO] PluginManage:310 - Check plugin ipmanager
2024-01-20 16:08:41,051 [INFO] PluginManage:359 - Loaded plugin ipmanager (category:base,tabindex:5)
2024-01-20 16:08:41,052 [INFO] PluginManage:310 - Check plugin lpbam
2024-01-20 16:08:41,059 [INFO] PluginManage:359 - Loaded plugin lpbam (category:base,tabindex:0)
2024-01-20 16:08:41,059 [INFO] PluginManage:310 - Check plugin memorymap
2024-01-20 16:08:41,086 [INFO] PluginManage:359 - Loaded plugin memorymap (category:base,tabindex:4)
2024-01-20 16:08:41,086 [INFO] PluginManage:310 - Check plugin pinoutandconfiguration
2024-01-20 16:08:41,091 [INFO] PluginManage:359 - Loaded plugin pinoutandconfiguration (category:base,tabindex:1)
2024-01-20 16:08:41,091 [INFO] PluginManage:310 - Check plugin pinoutconfig
2024-01-20 16:08:41,183 [WARN] SupportedApi:132 - Cannot load RTOS API schema: s4s-elt-must-match.1: The content of 'definitions' must match (annotation?, (simpleType | complexType)?, (unique | key | keyref)*)). A problem was found starting at: attribute.
2024-01-20 16:08:41,267 [INFO] PluginManage:359 - Loaded plugin pinoutconfig (category:base,tabindex:0)
2024-01-20 16:08:41,267 [INFO] PluginManage:310 - Check plugin power
2024-01-20 16:08:41,272 [INFO] PluginManage:359 - Loaded plugin power (category:power,tabindex:4)
2024-01-20 16:08:41,272 [INFO] PluginManage:310 - Check plugin projectmanager
2024-01-20 16:08:41,282 [INFO] PluginManage:359 - Loaded plugin projectmanager (category:projectmanager,tabindex:3)
2024-01-20 16:08:41,283 [INFO] PluginManage:310 - Check plugin thirdparty
2024-01-20 16:08:41,369 [WARN] IntegrityCheckThread:84 - waiting for thirdparty lock release [integrity check]
2024-01-20 16:08:41,369 [INFO] IntegrityCheckThread:86 - entering critical section [integrity check]
2024-01-20 16:08:41,370 [INFO] PluginManage:359 - Loaded plugin thirdparty (category:base,tabindex:-1)
2024-01-20 16:08:41,370 [INFO] ThirdPartyUpdaterWithRetryManager:70 - Updater plugin not ready yet. [1/15]
2024-01-20 16:08:41,370 [INFO] PluginManage:310 - Check plugin tools
2024-01-20 16:08:41,374 [INFO] PluginManage:359 - Loaded plugin tools (category:base,tabindex:7)
2024-01-20 16:08:41,374 [INFO] PluginManage:310 - Check plugin tutovideos
2024-01-20 16:08:41,477 [INFO] PluginManage:359 - Loaded plugin tutovideos (category:base,tabindex:-1)
2024-01-20 16:08:41,478 [INFO] PluginManage:310 - Check plugin updater
2024-01-20 16:08:41,483 [INFO] PluginManage:359 - Loaded plugin updater (category:base,tabindex:12)
2024-01-20 16:08:41,483 [INFO] PluginManage:310 - Check plugin userauth
2024-01-20 16:08:41,485 [INFO] UserAuth:114 - Init User Auth plugin
2024-01-20 16:08:41,485 [INFO] PluginManage:359 - Loaded plugin userauth (category:base,tabindex:14)
2024-01-20 16:08:41,486 [INFO] PluginManage:283 - PluginManage : Loaded plugins [17]
2024-01-20 16:08:41,594 [INFO] PinOutPanel:1499 - setPackage(No Configuration,No Configuration)
2024-01-20 16:08:41,632 [INFO] CADModel:165 - CPN selected for project level
2024-01-20 16:08:41,632 [INFO] CADModel:114 - Register for checkConnection events
2024-01-20 16:08:41,639 [INFO] IPUIPlugin:80 - create IPUIPlugin
2024-01-20 16:08:41,639 [INFO] PluginManager:220 - loadIPPluginJar : add adc
2024-01-20 16:08:41,640 [INFO] IPUIPlugin:80 - create IPUIPlugin
2024-01-20 16:08:41,640 [INFO] PluginManager:220 - loadIPPluginJar : add aes
2024-01-20 16:08:41,642 [INFO] IPUIPlugin:80 - create IPUIPlugin
2024-01-20 16:08:41,642 [INFO] PluginManager:220 - loadIPPluginJar : add can
2024-01-20 16:08:41,642 [INFO] IPUIPlugin:80 - create IPUIPlugin
2024-01-20 16:08:41,643 [INFO] PluginManager:220 - loadIPPluginJar : add comp
2024-01-20 16:08:41,644 [INFO] IPUIPlugin:80 - create IPUIPlugin
2024-01-20 16:08:41,644 [INFO] PluginManager:220 - loadIPPluginJar : add cryp
2024-01-20 16:08:41,645 [INFO] IPUIPlugin:80 - create IPUIPlugin
2024-01-20 16:08:41,645 [INFO] PluginManager:220 - loadIPPluginJar : add dfsdm
2024-01-20 16:08:41,647 [INFO] IPUIPlugin:80 - create IPUIPlugin
2024-01-20 16:08:41,647 [INFO] PluginManager:220 - loadIPPluginJar : add dma
2024-01-20 16:08:41,648 [INFO] IPUIPlugin:80 - create IPUIPlugin
2024-01-20 16:08:41,649 [INFO] PluginManager:220 - loadIPPluginJar : add dma3
2024-01-20 16:08:41,649 [INFO] IPUIPlugin:80 - create IPUIPlugin
2024-01-20 16:08:41,649 [INFO] PluginManager:220 - loadIPPluginJar : add fatfs
2024-01-20 16:08:41,651 [INFO] IPUIPlugin:80 - create IPUIPlugin
2024-01-20 16:08:41,651 [INFO] PluginManager:220 - loadIPPluginJar : add fmc
2024-01-20 16:08:41,653 [INFO] IPUIPlugin:80 - create IPUIPlugin
2024-01-20 16:08:41,653 [INFO] PluginManager:220 - loadIPPluginJar : add freertos
2024-01-20 16:08:41,654 [INFO] IPUIPlugin:80 - create IPUIPlugin
2024-01-20 16:08:41,654 [INFO] PluginManager:220 - loadIPPluginJar : add genericplugin
2024-01-20 16:08:41,655 [INFO] IPUIPlugin:80 - create IPUIPlugin
2024-01-20 16:08:41,655 [INFO] PluginManager:220 - loadIPPluginJar : add gfxmmu
2024-01-20 16:08:41,657 [INFO] IPUIPlugin:80 - create IPUIPlugin
2024-01-20 16:08:41,657 [INFO] PluginManager:220 - loadIPPluginJar : add gic
2024-01-20 16:08:41,659 [INFO] IPUIPlugin:80 - create IPUIPlugin
2024-01-20 16:08:41,659 [INFO] PluginManager:220 - loadIPPluginJar : add gpio
2024-01-20 16:08:41,660 [INFO] IPUIPlugin:80 - create IPUIPlugin
2024-01-20 16:08:41,660 [INFO] PluginManager:220 - loadIPPluginJar : add gtzc
2024-01-20 16:08:41,661 [INFO] IPUIPlugin:80 - create IPUIPlugin
2024-01-20 16:08:41,661 [INFO] PluginManager:220 - loadIPPluginJar : add hash
2024-01-20 16:08:41,662 [INFO] IPUIPlugin:80 - create IPUIPlugin
2024-01-20 16:08:41,662 [INFO] PluginManager:220 - loadIPPluginJar : add i2c
2024-01-20 16:08:41,663 [INFO] IPUIPlugin:80 - create IPUIPlugin
2024-01-20 16:08:41,663 [INFO] PluginManager:220 - loadIPPluginJar : add i2s
2024-01-20 16:08:41,664 [INFO] IPUIPlugin:80 - create IPUIPlugin
2024-01-20 16:08:41,664 [INFO] PluginManager:220 - loadIPPluginJar : add i3c
2024-01-20 16:08:41,666 [INFO] IPUIPlugin:80 - create IPUIPlugin
2024-01-20 16:08:41,666 [INFO] PluginManager:220 - loadIPPluginJar : add ipddr
2024-01-20 16:08:41,669 [INFO] IPUIPlugin:80 - create IPUIPlugin
2024-01-20 16:08:41,669 [INFO] PluginManager:220 - loadIPPluginJar : add linkedlist
2024-01-20 16:08:41,670 [INFO] IPUIPlugin:80 - create IPUIPlugin
2024-01-20 16:08:41,670 [INFO] PluginManager:220 - loadIPPluginJar : add lorawan
2024-01-20 16:08:41,671 [INFO] IPUIPlugin:80 - create IPUIPlugin
2024-01-20 16:08:41,671 [INFO] PluginManager:220 - loadIPPluginJar : add ltdc
2024-01-20 16:08:41,673 [INFO] IPUIPlugin:80 - create IPUIPlugin
2024-01-20 16:08:41,673 [INFO] PluginManager:220 - loadIPPluginJar : add mdma
2024-01-20 16:08:41,676 [INFO] IPUIPlugin:80 - create IPUIPlugin
2024-01-20 16:08:41,676 [INFO] PluginManager:220 - loadIPPluginJar : add nvic
2024-01-20 16:08:41,677 [INFO] IPUIPlugin:80 - create IPUIPlugin
2024-01-20 16:08:41,677 [INFO] PluginManager:220 - loadIPPluginJar : add opamp
2024-01-20 16:08:41,679 [INFO] IPUIPlugin:80 - create IPUIPlugin
2024-01-20 16:08:41,679 [INFO] PluginManager:220 - loadIPPluginJar : add openamp
2024-01-20 16:08:41,680 [INFO] IPUIPlugin:80 - create IPUIPlugin
2024-01-20 16:08:41,680 [INFO] PluginManager:220 - loadIPPluginJar : add pdm2pcm
2024-01-20 16:08:41,683 [INFO] IPUIPlugin:80 - create IPUIPlugin
2024-01-20 16:08:41,684 [INFO] PluginManager:220 - loadIPPluginJar : add plateformsettings
2024-01-20 16:08:41,685 [INFO] IPUIPlugin:80 - create IPUIPlugin
2024-01-20 16:08:41,685 [INFO] PluginManager:220 - loadIPPluginJar : add quadspi
2024-01-20 16:08:41,686 [INFO] IPUIPlugin:80 - create IPUIPlugin
2024-01-20 16:08:41,686 [INFO] PluginManager:220 - loadIPPluginJar : add resmgrutility
2024-01-20 16:08:41,688 [INFO] IPUIPlugin:80 - create IPUIPlugin
2024-01-20 16:08:41,688 [INFO] PluginManager:220 - loadIPPluginJar : add sai
2024-01-20 16:08:41,689 [INFO] IPUIPlugin:80 - create IPUIPlugin
2024-01-20 16:08:41,689 [INFO] PluginManager:220 - loadIPPluginJar : add spi
2024-01-20 16:08:41,692 [INFO] IPUIPlugin:80 - create IPUIPlugin
2024-01-20 16:08:41,692 [INFO] PluginManager:220 - loadIPPluginJar : add stm32_wpan
2024-01-20 16:08:41,693 [INFO] IPUIPlugin:80 - create IPUIPlugin
2024-01-20 16:08:41,693 [INFO] PluginManager:220 - loadIPPluginJar : add tim
2024-01-20 16:08:41,695 [INFO] IPUIPlugin:80 - create IPUIPlugin
2024-01-20 16:08:41,695 [INFO] PluginManager:220 - loadIPPluginJar : add touchsensing
2024-01-20 16:08:41,695 [INFO] IPUIPlugin:80 - create IPUIPlugin
2024-01-20 16:08:41,695 [INFO] PluginManager:220 - loadIPPluginJar : add tracer_emb
2024-01-20 16:08:41,696 [INFO] IPUIPlugin:80 - create IPUIPlugin
2024-01-20 16:08:41,696 [INFO] PluginManager:220 - loadIPPluginJar : add ts
2024-01-20 16:08:41,697 [INFO] IPUIPlugin:80 - create IPUIPlugin
2024-01-20 16:08:41,697 [INFO] PluginManager:220 - loadIPPluginJar : add tsc
2024-01-20 16:08:41,698 [INFO] IPUIPlugin:80 - create IPUIPlugin
2024-01-20 16:08:41,698 [INFO] PluginManager:220 - loadIPPluginJar : add ucpd
2024-01-20 16:08:41,699 [INFO] IPUIPlugin:80 - create IPUIPlugin
2024-01-20 16:08:41,699 [INFO] PluginManager:220 - loadIPPluginJar : add usart
2024-01-20 16:08:41,700 [INFO] IPUIPlugin:80 - create IPUIPlugin
2024-01-20 16:08:41,700 [INFO] PluginManager:220 - loadIPPluginJar : add usbx
2024-01-20 16:08:41,804 [INFO] CADModel:165 - CPN selected for project level
2024-01-20 16:08:41,804 [INFO] CADModel:114 - Register for checkConnection events
2024-01-20 16:08:41,804 [FATAL] Updater:308 - Updater called before beeing initialized
2024-01-20 16:08:41,804 [ERROR] CADModel:125 - Updater not yet initialized, retry later 
2024-01-20 16:08:41,879 [INFO] CADModel:165 - CPN selected for project level
2024-01-20 16:08:41,880 [INFO] CADModel:114 - Register for checkConnection events
2024-01-20 16:08:41,880 [FATAL] Updater:308 - Updater called before beeing initialized
2024-01-20 16:08:41,880 [ERROR] CADModel:125 - Updater not yet initialized, retry later 
2024-01-20 16:08:41,881 [FATAL] Updater:308 - Updater called before beeing initialized
2024-01-20 16:08:41,945 [FATAL] Updater:308 - Updater called before beeing initialized
2024-01-20 16:08:41,949 [INFO] DbMcusAds:53 - JSON generation date=Wed Nov 29 18:52:27 CST 2023 (1701255147200)
2024-01-20 16:08:41,949 [FATAL] Updater:308 - Updater called before beeing initialized
2024-01-20 16:08:41,972 [WARN] DetailPanel:346 - Failed to get advertising image, set to default
2024-01-20 16:08:42,036 [FATAL] Updater:308 - Updater called before beeing initialized
2024-01-20 16:08:42,038 [FATAL] Updater:308 - Updater called before beeing initialized
2024-01-20 16:08:42,038 [FATAL] Updater:308 - Updater called before beeing initialized
2024-01-20 16:08:42,038 [WARN] DetailPanel:346 - Failed to get advertising image, set to default
2024-01-20 16:08:42,038 [FATAL] Updater:308 - Updater called before beeing initialized
2024-01-20 16:08:42,067 [ERROR] Updater:1120 - MainUpdater not yet initialized. External WinMGr cannot be set.
2024-01-20 16:08:42,068 [INFO] Updater:1056 - Updater Version found : 6.10.0
2024-01-20 16:08:42,077 [INFO] ApplicationProperties:184 - Using Application install path: C:\ST\STM32CubeIDE_1.14.1\STM32CubeIDE\plugins\com.st.stm32cube.common.mx_6.10.0.202311202037
2024-01-20 16:08:42,104 [INFO] MainUpdater:526 - Copy updater definitions from MX database
2024-01-20 16:08:42,340 [INFO] MainUpdater:2873 - connection check result : 10
2024-01-20 16:08:42,340 [INFO] MainUpdater:3567 - Updater definition file requires update
2024-01-20 16:08:42,340 [INFO] MainUpdater:290 - Updater Check For Update Now.
2024-01-20 16:08:42,340 [INFO] MicroXplorer:498 - Change Database Version : DB.6.0.100
2024-01-20 16:08:42,343 [INFO] McuFinderGlobals:63 - Set McuFinder mode to 2 (CubeIDE integrated)
2024-01-20 16:08:42,347 [INFO] UserAuth:404 - Internet connection configuration mode: 1
2024-01-20 16:08:42,353 [INFO] JxBrowserEngine:152 - Initiate JxBrowser Engine with user profile folder
2024-01-20 16:08:42,472 [INFO] ServerAccessManage:473 - Download File updaters.zip
2024-01-20 16:08:42,523 [INFO] FileExtend:240 - Unzip File : updaters.zip
2024-01-20 16:08:42,523 [INFO] FileExtend:255 - Standard Zip Deflate
2024-01-20 16:08:42,683 [INFO] ServerAccessManage:473 - Download File PacksControlFlags.xml
2024-01-20 16:08:42,939 [INFO] ServerAccessManage:473 - Download File cubemx.pidx
2024-01-20 16:08:42,991 [INFO] LoadServerUpdatesThread:375 - End of LoadServerUpdate Thread
2024-01-20 16:08:43,136 [INFO] CheckServerUpdateThread:120 - End of CheckServer Thread
2024-01-20 16:08:44,495 [WARN] PackLoader:240 - Cannot read IP mode file for STMicroelectronics.X-CUBE-SMBUS.2.1.0
2024-01-20 16:08:44,506 [WARN] PackLoader:240 - Cannot read IP mode file for STMicroelectronics.X-CUBE-TOUCHGFX.4.23.0
2024-01-20 16:08:44,528 [WARN] PackLoader:240 - Cannot read IP mode file for STMicroelectronics.X-CUBE-AZRTOS-F7.1.1.0
2024-01-20 16:08:44,538 [WARN] PackLoader:240 - Cannot read IP mode file for STMicroelectronics.FP-SNS-MOTENV1.4.3.2
2024-01-20 16:08:44,553 [WARN] PackLoader:240 - Cannot read IP mode file for STMicroelectronics.X-CUBE-BLE1.6.2.4
2024-01-20 16:08:44,558 [WARN] PackLoader:240 - Cannot read IP mode file for STMicroelectronics.FP-SNS-FLIGHT1.5.0.2
2024-01-20 16:08:44,566 [WARN] PackLoader:240 - Cannot read IP mode file for STMicroelectronics.X-CUBE-DISPLAY.3.0.0
2024-01-20 16:08:44,575 [WARN] PackLoader:240 - Cannot read IP mode file for STMicroelectronics.X-CUBE-BLE1.7.0.0
2024-01-20 16:08:44,580 [WARN] PackLoader:240 - Cannot read IP mode file for emotas.I-CUBE-CANOPEN.1.3.0
2024-01-20 16:08:44,583 [WARN] PackLoader:240 - Cannot read IP mode file for STMicroelectronics.X-CUBE-TOUCHGFX.4.22.0
2024-01-20 16:08:44,585 [WARN] PackLoader:240 - Cannot read IP mode file for STMicroelectronics.X-CUBE-TOUCHGFX.4.22.1
2024-01-20 16:08:44,589 [WARN] PackLoader:240 - Cannot read IP mode file for STMicroelectronics.FP-SNS-SMARTAG2.1.2.0
2024-01-20 16:08:44,602 [INFO] LogOutputStream:77 - [STDOUT_REDIRECT] 1 : Invalid condition id : UX_CORESTACK_Condition cause : null
2024-01-20 16:08:44,603 [INFO] LogOutputStream:77 - [STDOUT_REDIRECT] 1 : Invalid condition id : UX_CORESTACK_Condition cause : null
2024-01-20 16:08:44,605 [INFO] LogOutputStream:77 - [STDOUT_REDIRECT] 1 : Invalid condition id : UX_CORESTACK_Condition cause : null
2024-01-20 16:08:44,606 [INFO] LogOutputStream:77 - [STDOUT_REDIRECT] 1 : Invalid condition id : UX_CORESTACK_Condition cause : null
2024-01-20 16:08:44,608 [INFO] LogOutputStream:77 - [STDOUT_REDIRECT] 1 : Invalid condition id : UX_CORESTACK_Condition cause : null
2024-01-20 16:08:44,612 [WARN] PackLoader:240 - Cannot read IP mode file for STMicroelectronics.X-CUBE-AZRTOS-WL.2.0.0
2024-01-20 16:08:44,625 [WARN] PackLoader:240 - Cannot read IP mode file for WES.I-CUBE-Cesium.1.3.0
2024-01-20 16:08:44,630 [WARN] PackLoader:240 - Cannot read IP mode file for STMicroelectronics.X-CUBE-BLE2.3.3.0
2024-01-20 16:08:44,636 [WARN] PackLoader:240 - Cannot read IP mode file for STMicroelectronics.X-CUBE-ALGOBUILD.1.3.0
2024-01-20 16:08:44,655 [WARN] PackLoader:240 - Cannot read IP mode file for STMicroelectronics.X-CUBE-AZRTOS-G0.1.1.0
2024-01-20 16:08:44,661 [WARN] PackLoader:240 - Cannot read IP mode file for STMicroelectronics.X-CUBE-NFC4.3.0.0
2024-01-20 16:08:44,671 [WARN] PackLoader:240 - Cannot read IP mode file for STMicroelectronics.X-CUBE-BLEMGR.3.0.0
2024-01-20 16:08:44,675 [WARN] PackLoader:240 - Cannot read IP mode file for STMicroelectronics.FP-ATR-SIGFOX1.3.2.0
2024-01-20 16:08:44,710 [WARN] PackLoader:240 - Cannot read IP mode file for SEGGER.I-CUBE-embOS.1.3.1
2024-01-20 16:08:44,737 [WARN] PackLoader:240 - Cannot read IP mode file for STMicroelectronics.X-CUBE-GNSS1.6.0.0
2024-01-20 16:08:44,757 [WARN] PackLoader:240 - Cannot read IP mode file for STMicroelectronics.X-CUBE-AZRTOS-F4.1.1.0
2024-01-20 16:08:44,767 [WARN] PackLoader:240 - Cannot read IP mode file for wolfSSL.I-CUBE-wolfSSL.5.6.3
2024-01-20 16:08:44,778 [WARN] PackLoader:240 - Cannot read IP mode file for STMicroelectronics.X-CUBE-AZRTOS-L5.2.0.0
2024-01-20 16:08:44,800 [WARN] PackLoader:240 - Cannot read IP mode file for STMicroelectronics.X-CUBE-MEMS1.9.6.0
2024-01-20 16:08:44,891 [WARN] PackLoader:240 - Cannot read IP mode file for STMicroelectronics.X-CUBE-EEPRMA1.4.2.0
2024-01-20 16:08:44,894 [WARN] PackLoader:240 - Cannot read IP mode file for ITTIA_DB.I-CUBE-ITTIADB.8.8.0
2024-01-20 16:08:44,897 [WARN] PackLoader:240 - Cannot read IP mode file for STMicroelectronics.X-CUBE-BLEMGR.2.0.0
2024-01-20 16:08:44,906 [WARN] ConditionMgr:438 - getConditionDescription Invalid condition id : UX DEVICE CLASS RTOS Condition cause : null
2024-01-20 16:08:44,906 [WARN] ConditionMgr:438 - getConditionDescription Invalid condition id : UX DEVICE CLASS RTOS Condition cause : null
2024-01-20 16:08:44,908 [WARN] PackLoader:240 - Cannot read IP mode file for STMicroelectronics.X-CUBE-AZRTOS-H7.3.1.0
2024-01-20 16:08:44,909 [WARN] ConditionMgr:1039 - genDependencies : Invalid condition id : UX DEVICE CLASS RTOS Condition cause : null
2024-01-20 16:08:44,909 [WARN] ConditionMgr:1039 - genDependencies : Invalid condition id : UX DEVICE CLASS RTOS Condition cause : null
2024-01-20 16:08:44,910 [WARN] ConditionMgr:1039 - genDependencies : Invalid condition id : UX DEVICE CLASS RTOS Condition cause : null
2024-01-20 16:08:44,910 [WARN] ConditionMgr:1039 - genDependencies : Invalid condition id : UX DEVICE CLASS RTOS Condition cause : null
2024-01-20 16:08:44,910 [WARN] ConditionMgr:1039 - genDependencies : Invalid condition id : UX DEVICE CLASS RTOS Condition cause : null
2024-01-20 16:08:44,913 [WARN] PackLoader:240 - Cannot read IP mode file for STMicroelectronics.X-CUBE-NFC7.1.0.1
2024-01-20 16:08:44,917 [WARN] PackLoader:240 - Cannot read IP mode file for STMicroelectronics.X-CUBE-NFC6.3.0.0
2024-01-20 16:08:44,920 [WARN] PackLoader:240 - Cannot read IP mode file for STMicroelectronics.X-CUBE-EEPRMA1.4.1.0
2024-01-20 16:08:44,923 [WARN] PackLoader:240 - Cannot read IP mode file for STMicroelectronics.X-CUBE-AI.8.1.0
2024-01-20 16:08:44,944 [INFO] WebApp:161 - Instantiating new browser for Auth
2024-01-20 16:08:45,012 [WARN] ConditionMgr:438 - getConditionDescription Invalid condition id : LAN8742 Phy interface Condition cause : null
2024-01-20 16:08:45,013 [WARN] PackLoader:240 - Cannot read IP mode file for STMicroelectronics.X-CUBE-AZRTOS-L4.2.0.0
2024-01-20 16:08:45,013 [WARN] ConditionMgr:1039 - genDependencies : Invalid condition id : LAN8742 Phy interface Condition cause : null
2024-01-20 16:08:45,013 [WARN] ConditionMgr:1039 - genDependencies : Invalid condition id : LAN8742 Phy interface Condition cause : null
2024-01-20 16:08:45,014 [WARN] ConditionMgr:1039 - genDependencies : Invalid condition id : LAN8742 Phy interface Condition cause : null
2024-01-20 16:08:45,019 [WARN] PackLoader:240 - Cannot read IP mode file for STMicroelectronics.X-CUBE-SFXS2LP1.4.0.0
2024-01-20 16:08:45,028 [WARN] PackLoader:240 - Cannot read IP mode file for STMicroelectronics.X-CUBE-ISPU.1.1.0
2024-01-20 16:08:45,039 [WARN] ConditionMgr:438 - getConditionDescription Invalid condition id : UX DEVICE CLASS RTOS Condition cause : null
2024-01-20 16:08:45,039 [WARN] ConditionMgr:438 - getConditionDescription Invalid condition id : UX DEVICE CLASS RTOS Condition cause : null
2024-01-20 16:08:45,040 [WARN] PackLoader:240 - Cannot read IP mode file for STMicroelectronics.X-CUBE-AZRTOS-WB.2.0.0
2024-01-20 16:08:45,040 [WARN] ConditionMgr:1039 - genDependencies : Invalid condition id : UX DEVICE CLASS RTOS Condition cause : null
2024-01-20 16:08:45,040 [WARN] ConditionMgr:1039 - genDependencies : Invalid condition id : UX DEVICE CLASS RTOS Condition cause : null
2024-01-20 16:08:45,040 [WARN] ConditionMgr:1039 - genDependencies : Invalid condition id : UX DEVICE CLASS RTOS Condition cause : null
2024-01-20 16:08:45,041 [WARN] ConditionMgr:1039 - genDependencies : Invalid condition id : UX DEVICE CLASS RTOS Condition cause : null
2024-01-20 16:08:45,041 [WARN] ConditionMgr:1039 - genDependencies : Invalid condition id : UX DEVICE CLASS RTOS Condition cause : null
2024-01-20 16:08:45,046 [WARN] PackLoader:240 - Cannot read IP mode file for STMicroelectronics.X-CUBE-FREERTOS.1.0.1
2024-01-20 16:08:45,060 [WARN] PackLoader:240 - Cannot read IP mode file for STMicroelectronics.X-CUBE-AZRTOS-L5.1.1.0
2024-01-20 16:08:45,068 [WARN] PackLoader:240 - Cannot read IP mode file for STMicroelectronics.X-CUBE-SUBG2.5.0.0
2024-01-20 16:08:45,076 [WARN] PackLoader:240 - Cannot read IP mode file for STMicroelectronics.X-CUBE-TOF1.3.3.1
2024-01-20 16:08:45,091 [WARN] PackLoader:240 - Cannot read IP mode file for STMicroelectronics.X-CUBE-AZRTOS-G4.2.0.0
2024-01-20 16:08:45,102 [WARN] PackLoader:240 - Cannot read IP mode file for Infineon.AIROC-Wi-Fi-Bluetooth-STM32.1.5.1
2024-01-20 16:08:45,107 [WARN] PackLoader:240 - Cannot read IP mode file for STMicroelectronics.FP-SNS-MOTENVWB1.1.3.0
2024-01-20 16:08:45,110 [WARN] PackLoader:240 - Cannot read IP mode file for STMicroelectronics.FP-SNS-MOTENVWB1.1.3.1
2024-01-20 16:08:45,119 [WARN] PackLoader:240 - Cannot read IP mode file for STMicroelectronics.X-CUBE-ISPU.2.0.0
2024-01-20 16:08:45,144 [WARN] PackLoader:240 - Cannot read IP mode file for STMicroelectronics.X-CUBE-MEMS1.10.0.0
2024-01-20 16:08:45,209 [WARN] PackLoader:240 - Cannot read IP mode file for STMicroelectronics.X-CUBE-FREERTOS.1.1.0
2024-01-20 16:08:45,219 [WARN] PackLoader:240 - Cannot read IP mode file for portGmbH.I-Cube-SoM-uGOAL.1.1.0
2024-01-20 16:08:45,223 [WARN] PackLoader:240 - Cannot read IP mode file for STMicroelectronics.X-CUBE-ALS.1.0.1
2024-01-20 16:08:45,229 [WARN] PackLoader:240 - Cannot read IP mode file for STMicroelectronics.X-CUBE-AZRTOS-WB.1.1.0
2024-01-20 16:08:45,232 [WARN] PackLoader:240 - Cannot read IP mode file for STMicroelectronics.FP-ATR-ASTRA1.2.0.0
2024-01-20 16:08:45,241 [WARN] PackLoader:240 - Cannot read IP mode file for STMicroelectronics.X-CUBE-TOF1.3.4.0
2024-01-20 16:08:45,258 [WARN] PackLoader:240 - Cannot read IP mode file for STMicroelectronics.X-CUBE-AZRTOS-H7.3.2.0
2024-01-20 16:08:45,260 [INFO] ThirdParty:978 - Integrity check success = true
2024-01-20 16:08:45,260 [INFO] IntegrityCheckThread:100 - exiting critical section [integrity check]
2024-01-20 16:08:45,260 [INFO] IntegrityCheckThread:103 - End integrity checks thread
2024-01-20 16:08:45,977 [INFO] WebApp:780 - Register for checkConnection events
2024-01-20 16:08:45,977 [INFO] WebApp:414 - Apply proxy settings
2024-01-20 16:08:45,977 [INFO] WebApp:499 - Chromium requires no authentication
2024-01-20 16:08:45,980 [INFO] WebApp:442 - Direct internet connection detected
2024-01-20 16:08:46,052 [INFO] WebApp:192 - Starting web application
2024-01-20 16:08:46,052 [INFO] WebApp:544 - Web application path used C:\ST\STM32CubeIDE_1.14.1\STM32CubeIDE\plugins\com.st.stm32cube.common.mx_6.10.0.202311202037\db\plugins\mcufinder\reactClient1\index.html
2024-01-20 16:09:06,699 [ERROR] LogOutputStream:75 - [STDERR_REDIRECT] SLF4J: Failed to load class "org.slf4j.impl.StaticLoggerBinder".
2024-01-20 16:09:06,699 [ERROR] LogOutputStream:75 - [STDERR_REDIRECT] SLF4J: Defaulting to no-operation (NOP) logger implementation
2024-01-20 16:09:06,700 [ERROR] LogOutputStream:75 - [STDERR_REDIRECT] SLF4J: See http://www.slf4j.org/codes.html#StaticLoggerBinder for further details.
2024-01-20 16:51:24,407 [ERROR] LogOutputStream:75 - [STDERR_REDIRECT] 
2024-01-20 16:51:56,108 [INFO] Activator:176 - 


2024-01-20 16:51:56,109 [INFO] Activator:177 - !SESSION log4j initialized
2024-01-20 16:51:59,478 [INFO] LogOutputStream:77 - [STDOUT_REDIRECT] 
2024-01-20 16:52:00,516 [INFO] ApplicationProperties:184 - Using Application install path: C:\ST\STM32CubeIDE_1.14.1\STM32CubeIDE\plugins\com.st.stm32cube.common.mx_6.10.0.202311202037
2024-01-20 16:52:00,526 [INFO] DbMcusXml:78 - Set database path to: C:\ST\STM32CubeIDE_1.14.1\STM32CubeIDE\plugins\com.st.stm32cube.common.mx_6.10.0.202311202037\\db\/mcu/
2024-01-20 16:52:00,526 [INFO] ApiDb:274 - Set plugin database path to: C:\ST\STM32CubeIDE_1.14.1\STM32CubeIDE\plugins\com.st.stm32cube.common.mx_6.10.0.202311202037\\db\/plugins/boardmanager/
2024-01-20 16:52:00,526 [WARN] ApiDb:259 - Overriding images path with different value:  => C:\ST\STM32CubeIDE_1.14.1\STM32CubeIDE\plugins\com.st.stm32cube.common.mx_6.10.0.202311202037\\db\/plugins/mcufinder/images/
2024-01-20 16:52:00,530 [INFO] ApiDb:250 - Set database path to: C:\Users\t\.stmcufinder\plugins\mcufinder//mcu/
2024-01-20 16:52:00,530 [INFO] DbMcusAds:125 - Set database path to: C:\Users\t\.stmcufinder\plugins\mcufinder//mcu/
2024-01-20 16:52:00,531 [INFO] CrossReferenceDbSqlite:203 - Set database path to: C:\Users\t\.stmcufinder\plugins\mcufinder//mcu/cs/
2024-01-20 16:52:00,595 [INFO] RulesReader:64 - Compatibility file has been processed (297 Rules)
2024-01-20 16:52:00,653 [INFO] DbMcusXml:78 - Set database path to: C:\ST\STM32CubeIDE_1.14.1\STM32CubeIDE\plugins\com.st.stm32cube.common.mx_6.10.0.202311202037\\db\/mcu/
2024-01-20 16:52:00,653 [INFO] ApiDb:274 - Set plugin database path to: C:\ST\STM32CubeIDE_1.14.1\STM32CubeIDE\plugins\com.st.stm32cube.common.mx_6.10.0.202311202037\\db\/plugins/boardmanager/
2024-01-20 16:52:00,653 [INFO] ApiDb:261 - Set plugin images path to: C:\ST\STM32CubeIDE_1.14.1\STM32CubeIDE\plugins\com.st.stm32cube.common.mx_6.10.0.202311202037\\db\/plugins/mcufinder/images/
2024-01-20 16:52:00,653 [WARN] DbFile:41 - Overriding database path with different value: C:\Users\t\.stmcufinder\plugins\mcufinder/ => C:\Users\t\.stmcufinder\plugins\mcufinder
2024-01-20 16:52:00,653 [INFO] ApiDb:250 - Set database path to: C:\Users\t\.stmcufinder\plugins\mcufinder//mcu/
2024-01-20 16:52:00,653 [WARN] DbFile:41 - Overriding database path with different value: C:\Users\t\.stmcufinder\plugins\mcufinder/ => C:\Users\t\.stmcufinder\plugins\mcufinder
2024-01-20 16:52:00,653 [INFO] DbMcusAds:125 - Set database path to: C:\Users\t\.stmcufinder\plugins\mcufinder//mcu/
2024-01-20 16:52:00,653 [WARN] DbFile:41 - Overriding database path with different value: C:\Users\t\.stmcufinder\plugins\mcufinder/ => C:\Users\t\.stmcufinder\plugins\mcufinder
2024-01-20 16:52:00,653 [WARN] DbFile:41 - Overriding database path with different value: C:\Users\t\.stmcufinder\plugins\mcufinder/ => C:\Users\t\.stmcufinder\plugins\mcufinder
2024-01-20 16:52:00,653 [INFO] CrossReferenceDbSqlite:203 - Set database path to: C:\Users\t\.stmcufinder\plugins\mcufinder//mcu/cs/
2024-01-20 16:52:00,692 [INFO] MainPanel:264 - HeapMemory: 268435456
2024-01-20 16:52:00,729 [INFO] DbMcusXml:78 - Set database path to: C:\ST\STM32CubeIDE_1.14.1\STM32CubeIDE\plugins\com.st.stm32cube.common.mx_6.10.0.202311202037\\db\/mcu/
2024-01-20 16:52:00,730 [INFO] ApiDb:274 - Set plugin database path to: C:\ST\STM32CubeIDE_1.14.1\STM32CubeIDE\plugins\com.st.stm32cube.common.mx_6.10.0.202311202037\\db\/plugins/boardmanager/
2024-01-20 16:52:00,730 [INFO] ApiDb:261 - Set plugin images path to: C:\ST\STM32CubeIDE_1.14.1\STM32CubeIDE\plugins\com.st.stm32cube.common.mx_6.10.0.202311202037\\db\/plugins/mcufinder/images/
2024-01-20 16:52:00,730 [WARN] DbFile:41 - Overriding database path with different value: C:\Users\t\.stmcufinder\plugins\mcufinder/ => C:\Users\t\.stmcufinder\plugins\mcufinder
2024-01-20 16:52:00,730 [INFO] ApiDb:250 - Set database path to: C:\Users\t\.stmcufinder\plugins\mcufinder//mcu/
2024-01-20 16:52:00,730 [WARN] DbFile:41 - Overriding database path with different value: C:\Users\t\.stmcufinder\plugins\mcufinder/ => C:\Users\t\.stmcufinder\plugins\mcufinder
2024-01-20 16:52:00,730 [INFO] DbMcusAds:125 - Set database path to: C:\Users\t\.stmcufinder\plugins\mcufinder//mcu/
2024-01-20 16:52:00,730 [WARN] DbFile:41 - Overriding database path with different value: C:\Users\t\.stmcufinder\plugins\mcufinder/ => C:\Users\t\.stmcufinder\plugins\mcufinder
2024-01-20 16:52:00,730 [WARN] DbFile:41 - Overriding database path with different value: C:\Users\t\.stmcufinder\plugins\mcufinder/ => C:\Users\t\.stmcufinder\plugins\mcufinder
2024-01-20 16:52:00,730 [INFO] CrossReferenceDbSqlite:203 - Set database path to: C:\Users\t\.stmcufinder\plugins\mcufinder//mcu/cs/
2024-01-20 16:52:00,740 [INFO] ApplicationProperties:184 - Using Application install path: C:\ST\STM32CubeIDE_1.14.1\STM32CubeIDE\plugins\com.st.stm32cube.common.mx_6.10.0.202311202037
2024-01-20 16:52:00,741 [INFO] PluginManage:196 - Search for loadable plugins [exclusion list=, ]
2024-01-20 16:52:00,741 [INFO] PluginManage:310 - Check plugin analytics
2024-01-20 16:52:00,869 [INFO] AnalyticsPlugin:253 - Accepted Software Licenses: STM32CubeMX.6.8.0,STM32CubeMX.6.9.1,STM32CubeMX.6.10.0
2024-01-20 16:52:00,869 [INFO] AnalyticsPlugin:255 - Accepted CMSIS Pack Licenses: STMicroelectronics.X-CUBE-AI.8.1.0
2024-01-20 16:52:00,869 [INFO] AnalyticsPlugin:257 - Accepted Firmware Licenses: FW.F4.1.27.0,FW.G4.1.5.0
2024-01-20 16:52:00,870 [INFO] PluginManage:359 - Loaded plugin analytics (category:tool,tabindex:-1)
2024-01-20 16:52:00,870 [INFO] PluginManage:310 - Check plugin cadmodel
2024-01-20 16:52:00,876 [INFO] CADModel:105 - Init CAD model plugin
2024-01-20 16:52:00,876 [INFO] PluginManage:359 - Loaded plugin cadmodel (category:power,tabindex:5)
2024-01-20 16:52:00,876 [INFO] PluginManage:310 - Check plugin clock
2024-01-20 16:52:00,891 [INFO] PluginManage:359 - Loaded plugin clock (category:base,tabindex:2)
2024-01-20 16:52:00,892 [INFO] PluginManage:310 - Check plugin ddr
2024-01-20 16:52:00,895 [INFO] PluginManage:359 - Loaded plugin ddr (category:tool,tabindex:6)
2024-01-20 16:52:00,896 [INFO] PluginManage:310 - Check plugin filemanager
2024-01-20 16:52:01,038 [INFO] PluginManage:359 - Loaded plugin filemanager (category:base,tabindex:10)
2024-01-20 16:52:01,038 [INFO] PluginManage:310 - Check plugin ipmanager
2024-01-20 16:52:01,043 [INFO] PluginManage:359 - Loaded plugin ipmanager (category:base,tabindex:5)
2024-01-20 16:52:01,043 [INFO] PluginManage:310 - Check plugin lpbam
2024-01-20 16:52:01,050 [INFO] PluginManage:359 - Loaded plugin lpbam (category:base,tabindex:0)
2024-01-20 16:52:01,050 [INFO] PluginManage:310 - Check plugin memorymap
2024-01-20 16:52:01,059 [INFO] PluginManage:359 - Loaded plugin memorymap (category:base,tabindex:4)
2024-01-20 16:52:01,059 [INFO] PluginManage:310 - Check plugin pinoutandconfiguration
2024-01-20 16:52:01,064 [INFO] PluginManage:359 - Loaded plugin pinoutandconfiguration (category:base,tabindex:1)
2024-01-20 16:52:01,064 [INFO] PluginManage:310 - Check plugin pinoutconfig
2024-01-20 16:52:01,121 [WARN] SupportedApi:132 - Cannot load RTOS API schema: s4s-elt-must-match.1: The content of 'definitions' must match (annotation?, (simpleType | complexType)?, (unique | key | keyref)*)). A problem was found starting at: attribute.
2024-01-20 16:52:01,211 [INFO] PluginManage:359 - Loaded plugin pinoutconfig (category:base,tabindex:0)
2024-01-20 16:52:01,211 [INFO] PluginManage:310 - Check plugin power
2024-01-20 16:52:01,216 [INFO] PluginManage:359 - Loaded plugin power (category:power,tabindex:4)
2024-01-20 16:52:01,216 [INFO] PluginManage:310 - Check plugin projectmanager
2024-01-20 16:52:01,226 [INFO] PluginManage:359 - Loaded plugin projectmanager (category:projectmanager,tabindex:3)
2024-01-20 16:52:01,226 [INFO] PluginManage:310 - Check plugin thirdparty
2024-01-20 16:52:01,313 [WARN] IntegrityCheckThread:84 - waiting for thirdparty lock release [integrity check]
2024-01-20 16:52:01,314 [INFO] IntegrityCheckThread:86 - entering critical section [integrity check]
2024-01-20 16:52:01,314 [INFO] ThirdPartyUpdaterWithRetryManager:70 - Updater plugin not ready yet. [1/15]
2024-01-20 16:52:01,314 [INFO] PluginManage:359 - Loaded plugin thirdparty (category:base,tabindex:-1)
2024-01-20 16:52:01,315 [INFO] PluginManage:310 - Check plugin tools
2024-01-20 16:52:01,319 [INFO] PluginManage:359 - Loaded plugin tools (category:base,tabindex:7)
2024-01-20 16:52:01,319 [INFO] PluginManage:310 - Check plugin tutovideos
2024-01-20 16:52:01,420 [INFO] PluginManage:359 - Loaded plugin tutovideos (category:base,tabindex:-1)
2024-01-20 16:52:01,420 [INFO] PluginManage:310 - Check plugin updater
2024-01-20 16:52:01,426 [INFO] PluginManage:359 - Loaded plugin updater (category:base,tabindex:12)
2024-01-20 16:52:01,426 [INFO] PluginManage:310 - Check plugin userauth
2024-01-20 16:52:01,429 [INFO] UserAuth:114 - Init User Auth plugin
2024-01-20 16:52:01,429 [INFO] PluginManage:359 - Loaded plugin userauth (category:base,tabindex:14)
2024-01-20 16:52:01,429 [INFO] PluginManage:283 - PluginManage : Loaded plugins [17]
2024-01-20 16:52:01,552 [INFO] PinOutPanel:1499 - setPackage(No Configuration,No Configuration)
2024-01-20 16:52:01,591 [INFO] CADModel:165 - CPN selected for project level
2024-01-20 16:52:01,591 [INFO] CADModel:114 - Register for checkConnection events
2024-01-20 16:52:01,599 [INFO] IPUIPlugin:80 - create IPUIPlugin
2024-01-20 16:52:01,599 [INFO] PluginManager:220 - loadIPPluginJar : add adc
2024-01-20 16:52:01,601 [INFO] IPUIPlugin:80 - create IPUIPlugin
2024-01-20 16:52:01,601 [INFO] PluginManager:220 - loadIPPluginJar : add aes
2024-01-20 16:52:01,602 [INFO] IPUIPlugin:80 - create IPUIPlugin
2024-01-20 16:52:01,602 [INFO] PluginManager:220 - loadIPPluginJar : add can
2024-01-20 16:52:01,603 [INFO] IPUIPlugin:80 - create IPUIPlugin
2024-01-20 16:52:01,603 [INFO] PluginManager:220 - loadIPPluginJar : add comp
2024-01-20 16:52:01,604 [INFO] IPUIPlugin:80 - create IPUIPlugin
2024-01-20 16:52:01,604 [INFO] PluginManager:220 - loadIPPluginJar : add cryp
2024-01-20 16:52:01,605 [INFO] IPUIPlugin:80 - create IPUIPlugin
2024-01-20 16:52:01,605 [INFO] PluginManager:220 - loadIPPluginJar : add dfsdm
2024-01-20 16:52:01,608 [INFO] IPUIPlugin:80 - create IPUIPlugin
2024-01-20 16:52:01,608 [INFO] PluginManager:220 - loadIPPluginJar : add dma
2024-01-20 16:52:01,609 [INFO] IPUIPlugin:80 - create IPUIPlugin
2024-01-20 16:52:01,609 [INFO] PluginManager:220 - loadIPPluginJar : add dma3
2024-01-20 16:52:01,610 [INFO] IPUIPlugin:80 - create IPUIPlugin
2024-01-20 16:52:01,610 [INFO] PluginManager:220 - loadIPPluginJar : add fatfs
2024-01-20 16:52:01,612 [INFO] IPUIPlugin:80 - create IPUIPlugin
2024-01-20 16:52:01,612 [INFO] PluginManager:220 - loadIPPluginJar : add fmc
2024-01-20 16:52:01,614 [INFO] IPUIPlugin:80 - create IPUIPlugin
2024-01-20 16:52:01,615 [INFO] PluginManager:220 - loadIPPluginJar : add freertos
2024-01-20 16:52:01,615 [INFO] IPUIPlugin:80 - create IPUIPlugin
2024-01-20 16:52:01,615 [INFO] PluginManager:220 - loadIPPluginJar : add genericplugin
2024-01-20 16:52:01,616 [INFO] IPUIPlugin:80 - create IPUIPlugin
2024-01-20 16:52:01,616 [INFO] PluginManager:220 - loadIPPluginJar : add gfxmmu
2024-01-20 16:52:01,619 [INFO] IPUIPlugin:80 - create IPUIPlugin
2024-01-20 16:52:01,619 [INFO] PluginManager:220 - loadIPPluginJar : add gic
2024-01-20 16:52:01,621 [INFO] IPUIPlugin:80 - create IPUIPlugin
2024-01-20 16:52:01,621 [INFO] PluginManager:220 - loadIPPluginJar : add gpio
2024-01-20 16:52:01,622 [INFO] IPUIPlugin:80 - create IPUIPlugin
2024-01-20 16:52:01,622 [INFO] PluginManager:220 - loadIPPluginJar : add gtzc
2024-01-20 16:52:01,623 [INFO] IPUIPlugin:80 - create IPUIPlugin
2024-01-20 16:52:01,623 [INFO] PluginManager:220 - loadIPPluginJar : add hash
2024-01-20 16:52:01,624 [INFO] IPUIPlugin:80 - create IPUIPlugin
2024-01-20 16:52:01,624 [INFO] PluginManager:220 - loadIPPluginJar : add i2c
2024-01-20 16:52:01,625 [INFO] IPUIPlugin:80 - create IPUIPlugin
2024-01-20 16:52:01,625 [INFO] PluginManager:220 - loadIPPluginJar : add i2s
2024-01-20 16:52:01,627 [INFO] IPUIPlugin:80 - create IPUIPlugin
2024-01-20 16:52:01,627 [INFO] PluginManager:220 - loadIPPluginJar : add i3c
2024-01-20 16:52:01,628 [INFO] IPUIPlugin:80 - create IPUIPlugin
2024-01-20 16:52:01,628 [INFO] PluginManager:220 - loadIPPluginJar : add ipddr
2024-01-20 16:52:01,632 [INFO] IPUIPlugin:80 - create IPUIPlugin
2024-01-20 16:52:01,632 [INFO] PluginManager:220 - loadIPPluginJar : add linkedlist
2024-01-20 16:52:01,633 [INFO] IPUIPlugin:80 - create IPUIPlugin
2024-01-20 16:52:01,633 [INFO] PluginManager:220 - loadIPPluginJar : add lorawan
2024-01-20 16:52:01,634 [INFO] IPUIPlugin:80 - create IPUIPlugin
2024-01-20 16:52:01,634 [INFO] PluginManager:220 - loadIPPluginJar : add ltdc
2024-01-20 16:52:01,637 [INFO] IPUIPlugin:80 - create IPUIPlugin
2024-01-20 16:52:01,637 [INFO] PluginManager:220 - loadIPPluginJar : add mdma
2024-01-20 16:52:01,639 [INFO] IPUIPlugin:80 - create IPUIPlugin
2024-01-20 16:52:01,639 [INFO] PluginManager:220 - loadIPPluginJar : add nvic
2024-01-20 16:52:01,640 [INFO] IPUIPlugin:80 - create IPUIPlugin
2024-01-20 16:52:01,640 [INFO] PluginManager:220 - loadIPPluginJar : add opamp
2024-01-20 16:52:01,641 [INFO] IPUIPlugin:80 - create IPUIPlugin
2024-01-20 16:52:01,641 [INFO] PluginManager:220 - loadIPPluginJar : add openamp
2024-01-20 16:52:01,643 [INFO] IPUIPlugin:80 - create IPUIPlugin
2024-01-20 16:52:01,643 [INFO] PluginManager:220 - loadIPPluginJar : add pdm2pcm
2024-01-20 16:52:01,646 [INFO] IPUIPlugin:80 - create IPUIPlugin
2024-01-20 16:52:01,647 [INFO] PluginManager:220 - loadIPPluginJar : add plateformsettings
2024-01-20 16:52:01,648 [INFO] IPUIPlugin:80 - create IPUIPlugin
2024-01-20 16:52:01,648 [INFO] PluginManager:220 - loadIPPluginJar : add quadspi
2024-01-20 16:52:01,649 [INFO] IPUIPlugin:80 - create IPUIPlugin
2024-01-20 16:52:01,650 [INFO] PluginManager:220 - loadIPPluginJar : add resmgrutility
2024-01-20 16:52:01,651 [INFO] IPUIPlugin:80 - create IPUIPlugin
2024-01-20 16:52:01,651 [INFO] PluginManager:220 - loadIPPluginJar : add sai
2024-01-20 16:52:01,652 [INFO] IPUIPlugin:80 - create IPUIPlugin
2024-01-20 16:52:01,652 [INFO] PluginManager:220 - loadIPPluginJar : add spi
2024-01-20 16:52:01,654 [INFO] IPUIPlugin:80 - create IPUIPlugin
2024-01-20 16:52:01,654 [INFO] PluginManager:220 - loadIPPluginJar : add stm32_wpan
2024-01-20 16:52:01,655 [INFO] IPUIPlugin:80 - create IPUIPlugin
2024-01-20 16:52:01,655 [INFO] PluginManager:220 - loadIPPluginJar : add tim
2024-01-20 16:52:01,657 [INFO] IPUIPlugin:80 - create IPUIPlugin
2024-01-20 16:52:01,657 [INFO] PluginManager:220 - loadIPPluginJar : add touchsensing
2024-01-20 16:52:01,657 [INFO] IPUIPlugin:80 - create IPUIPlugin
2024-01-20 16:52:01,658 [INFO] PluginManager:220 - loadIPPluginJar : add tracer_emb
2024-01-20 16:52:01,658 [INFO] IPUIPlugin:80 - create IPUIPlugin
2024-01-20 16:52:01,658 [INFO] PluginManager:220 - loadIPPluginJar : add ts
2024-01-20 16:52:01,659 [INFO] IPUIPlugin:80 - create IPUIPlugin
2024-01-20 16:52:01,659 [INFO] PluginManager:220 - loadIPPluginJar : add tsc
2024-01-20 16:52:01,660 [INFO] IPUIPlugin:80 - create IPUIPlugin
2024-01-20 16:52:01,660 [INFO] PluginManager:220 - loadIPPluginJar : add ucpd
2024-01-20 16:52:01,661 [INFO] IPUIPlugin:80 - create IPUIPlugin
2024-01-20 16:52:01,661 [INFO] PluginManager:220 - loadIPPluginJar : add usart
2024-01-20 16:52:01,663 [INFO] IPUIPlugin:80 - create IPUIPlugin
2024-01-20 16:52:01,663 [INFO] PluginManager:220 - loadIPPluginJar : add usbx
2024-01-20 16:52:01,768 [INFO] CADModel:165 - CPN selected for project level
2024-01-20 16:52:01,768 [INFO] CADModel:114 - Register for checkConnection events
2024-01-20 16:52:01,768 [FATAL] Updater:308 - Updater called before beeing initialized
2024-01-20 16:52:01,768 [ERROR] CADModel:125 - Updater not yet initialized, retry later 
2024-01-20 16:52:01,852 [INFO] CADModel:165 - CPN selected for project level
2024-01-20 16:52:01,852 [INFO] CADModel:114 - Register for checkConnection events
2024-01-20 16:52:01,852 [FATAL] Updater:308 - Updater called before beeing initialized
2024-01-20 16:52:01,852 [ERROR] CADModel:125 - Updater not yet initialized, retry later 
2024-01-20 16:52:01,854 [FATAL] Updater:308 - Updater called before beeing initialized
2024-01-20 16:52:01,921 [FATAL] Updater:308 - Updater called before beeing initialized
2024-01-20 16:52:01,924 [INFO] DbMcusAds:53 - JSON generation date=Wed Nov 29 18:52:27 CST 2023 (1701255147200)
2024-01-20 16:52:01,924 [FATAL] Updater:308 - Updater called before beeing initialized
2024-01-20 16:52:01,947 [WARN] DetailPanel:346 - Failed to get advertising image, set to default
2024-01-20 16:52:02,012 [FATAL] Updater:308 - Updater called before beeing initialized
2024-01-20 16:52:02,013 [FATAL] Updater:308 - Updater called before beeing initialized
2024-01-20 16:52:02,013 [FATAL] Updater:308 - Updater called before beeing initialized
2024-01-20 16:52:02,013 [WARN] DetailPanel:346 - Failed to get advertising image, set to default
2024-01-20 16:52:02,013 [FATAL] Updater:308 - Updater called before beeing initialized
2024-01-20 16:52:02,042 [ERROR] Updater:1120 - MainUpdater not yet initialized. External WinMGr cannot be set.
2024-01-20 16:52:02,043 [INFO] Updater:1056 - Updater Version found : 6.10.0
2024-01-20 16:52:02,059 [INFO] ApplicationProperties:184 - Using Application install path: C:\ST\STM32CubeIDE_1.14.1\STM32CubeIDE\plugins\com.st.stm32cube.common.mx_6.10.0.202311202037
2024-01-20 16:52:02,404 [INFO] MainUpdater:2873 - connection check result : 10
2024-01-20 16:52:02,405 [INFO] MainUpdater:290 - Updater Check For Update Now.
2024-01-20 16:52:02,405 [INFO] MicroXplorer:498 - Change Database Version : DB.6.0.100
2024-01-20 16:52:02,408 [INFO] McuFinderGlobals:63 - Set McuFinder mode to 2 (CubeIDE integrated)
2024-01-20 16:52:02,562 [INFO] CheckServerUpdateThread:120 - End of CheckServer Thread
2024-01-20 16:52:02,827 [INFO] UserAuth:404 - Internet connection configuration mode: 1
2024-01-20 16:52:02,834 [INFO] JxBrowserEngine:152 - Initiate JxBrowser Engine with user profile folder
2024-01-20 16:52:03,170 [INFO] WebApp:161 - Instantiating new browser for Auth
2024-01-20 16:52:03,477 [INFO] WebApp:780 - Register for checkConnection events
2024-01-20 16:52:03,477 [INFO] WebApp:414 - Apply proxy settings
2024-01-20 16:52:03,477 [INFO] WebApp:499 - Chromium requires no authentication
2024-01-20 16:52:03,481 [INFO] WebApp:442 - Direct internet connection detected
2024-01-20 16:52:03,570 [INFO] WebApp:192 - Starting web application
2024-01-20 16:52:03,570 [INFO] WebApp:544 - Web application path used C:\ST\STM32CubeIDE_1.14.1\STM32CubeIDE\plugins\com.st.stm32cube.common.mx_6.10.0.202311202037\db\plugins\mcufinder\reactClient1\index.html
2024-01-20 16:52:04,408 [WARN] PackLoader:240 - Cannot read IP mode file for STMicroelectronics.X-CUBE-SMBUS.2.1.0
2024-01-20 16:52:04,412 [WARN] PackLoader:240 - Cannot read IP mode file for STMicroelectronics.X-CUBE-TOUCHGFX.4.23.0
2024-01-20 16:52:04,437 [WARN] PackLoader:240 - Cannot read IP mode file for STMicroelectronics.X-CUBE-AZRTOS-F7.1.1.0
2024-01-20 16:52:04,444 [WARN] PackLoader:240 - Cannot read IP mode file for STMicroelectronics.FP-SNS-MOTENV1.4.3.2
2024-01-20 16:52:04,455 [WARN] PackLoader:240 - Cannot read IP mode file for STMicroelectronics.X-CUBE-BLE1.6.2.4
2024-01-20 16:52:04,458 [WARN] PackLoader:240 - Cannot read IP mode file for STMicroelectronics.FP-SNS-FLIGHT1.5.0.2
2024-01-20 16:52:04,464 [WARN] PackLoader:240 - Cannot read IP mode file for STMicroelectronics.X-CUBE-DISPLAY.3.0.0
2024-01-20 16:52:04,471 [WARN] PackLoader:240 - Cannot read IP mode file for STMicroelectronics.X-CUBE-BLE1.7.0.0
2024-01-20 16:52:04,474 [WARN] PackLoader:240 - Cannot read IP mode file for emotas.I-CUBE-CANOPEN.1.3.0
2024-01-20 16:52:04,476 [WARN] PackLoader:240 - Cannot read IP mode file for STMicroelectronics.X-CUBE-TOUCHGFX.4.22.0
2024-01-20 16:52:04,477 [WARN] PackLoader:240 - Cannot read IP mode file for STMicroelectronics.X-CUBE-TOUCHGFX.4.22.1
2024-01-20 16:52:04,480 [WARN] PackLoader:240 - Cannot read IP mode file for STMicroelectronics.FP-SNS-SMARTAG2.1.2.0
2024-01-20 16:52:04,491 [INFO] LogOutputStream:77 - [STDOUT_REDIRECT] 1 : Invalid condition id : UX_CORESTACK_Condition cause : null
2024-01-20 16:52:04,492 [INFO] LogOutputStream:77 - [STDOUT_REDIRECT] 1 : Invalid condition id : UX_CORESTACK_Condition cause : null
2024-01-20 16:52:04,493 [INFO] LogOutputStream:77 - [STDOUT_REDIRECT] 1 : Invalid condition id : UX_CORESTACK_Condition cause : null
2024-01-20 16:52:04,494 [INFO] LogOutputStream:77 - [STDOUT_REDIRECT] 1 : Invalid condition id : UX_CORESTACK_Condition cause : null
2024-01-20 16:52:04,495 [INFO] LogOutputStream:77 - [STDOUT_REDIRECT] 1 : Invalid condition id : UX_CORESTACK_Condition cause : null
2024-01-20 16:52:04,501 [WARN] PackLoader:240 - Cannot read IP mode file for STMicroelectronics.X-CUBE-AZRTOS-WL.2.0.0
2024-01-20 16:52:04,511 [WARN] PackLoader:240 - Cannot read IP mode file for WES.I-CUBE-Cesium.1.3.0
2024-01-20 16:52:04,515 [WARN] PackLoader:240 - Cannot read IP mode file for STMicroelectronics.X-CUBE-BLE2.3.3.0
2024-01-20 16:52:04,520 [WARN] PackLoader:240 - Cannot read IP mode file for STMicroelectronics.X-CUBE-ALGOBUILD.1.3.0
2024-01-20 16:52:04,533 [WARN] PackLoader:240 - Cannot read IP mode file for STMicroelectronics.X-CUBE-AZRTOS-G0.1.1.0
2024-01-20 16:52:04,538 [WARN] PackLoader:240 - Cannot read IP mode file for STMicroelectronics.X-CUBE-NFC4.3.0.0
2024-01-20 16:52:04,545 [WARN] PackLoader:240 - Cannot read IP mode file for STMicroelectronics.X-CUBE-BLEMGR.3.0.0
2024-01-20 16:52:04,549 [WARN] PackLoader:240 - Cannot read IP mode file for STMicroelectronics.FP-ATR-SIGFOX1.3.2.0
2024-01-20 16:52:04,569 [WARN] PackLoader:240 - Cannot read IP mode file for SEGGER.I-CUBE-embOS.1.3.1
2024-01-20 16:52:04,590 [WARN] PackLoader:240 - Cannot read IP mode file for STMicroelectronics.X-CUBE-GNSS1.6.0.0
2024-01-20 16:52:04,598 [WARN] PackLoader:240 - Cannot read IP mode file for STMicroelectronics.X-CUBE-AZRTOS-F4.1.1.0
2024-01-20 16:52:04,602 [WARN] PackLoader:240 - Cannot read IP mode file for wolfSSL.I-CUBE-wolfSSL.5.6.3
2024-01-20 16:52:04,610 [WARN] PackLoader:240 - Cannot read IP mode file for STMicroelectronics.X-CUBE-AZRTOS-L5.2.0.0
2024-01-20 16:52:04,630 [WARN] PackLoader:240 - Cannot read IP mode file for STMicroelectronics.X-CUBE-MEMS1.9.6.0
2024-01-20 16:52:04,714 [WARN] PackLoader:240 - Cannot read IP mode file for STMicroelectronics.X-CUBE-EEPRMA1.4.2.0
2024-01-20 16:52:04,718 [WARN] PackLoader:240 - Cannot read IP mode file for ITTIA_DB.I-CUBE-ITTIADB.8.8.0
2024-01-20 16:52:04,721 [WARN] PackLoader:240 - Cannot read IP mode file for STMicroelectronics.X-CUBE-BLEMGR.2.0.0
2024-01-20 16:52:04,730 [WARN] ConditionMgr:438 - getConditionDescription Invalid condition id : UX DEVICE CLASS RTOS Condition cause : null
2024-01-20 16:52:04,730 [WARN] ConditionMgr:438 - getConditionDescription Invalid condition id : UX DEVICE CLASS RTOS Condition cause : null
2024-01-20 16:52:04,732 [WARN] PackLoader:240 - Cannot read IP mode file for STMicroelectronics.X-CUBE-AZRTOS-H7.3.1.0
2024-01-20 16:52:04,732 [WARN] ConditionMgr:1039 - genDependencies : Invalid condition id : UX DEVICE CLASS RTOS Condition cause : null
2024-01-20 16:52:04,732 [WARN] ConditionMgr:1039 - genDependencies : Invalid condition id : UX DEVICE CLASS RTOS Condition cause : null
2024-01-20 16:52:04,733 [WARN] ConditionMgr:1039 - genDependencies : Invalid condition id : UX DEVICE CLASS RTOS Condition cause : null
2024-01-20 16:52:04,733 [WARN] ConditionMgr:1039 - genDependencies : Invalid condition id : UX DEVICE CLASS RTOS Condition cause : null
2024-01-20 16:52:04,733 [WARN] ConditionMgr:1039 - genDependencies : Invalid condition id : UX DEVICE CLASS RTOS Condition cause : null
2024-01-20 16:52:04,739 [WARN] PackLoader:240 - Cannot read IP mode file for STMicroelectronics.X-CUBE-NFC7.1.0.1
2024-01-20 16:52:04,742 [WARN] PackLoader:240 - Cannot read IP mode file for STMicroelectronics.X-CUBE-NFC6.3.0.0
2024-01-20 16:52:04,745 [WARN] PackLoader:240 - Cannot read IP mode file for STMicroelectronics.X-CUBE-EEPRMA1.4.1.0
2024-01-20 16:52:04,749 [WARN] PackLoader:240 - Cannot read IP mode file for STMicroelectronics.X-CUBE-AI.8.1.0
2024-01-20 16:52:04,827 [WARN] ConditionMgr:438 - getConditionDescription Invalid condition id : LAN8742 Phy interface Condition cause : null
2024-01-20 16:52:04,827 [WARN] PackLoader:240 - Cannot read IP mode file for STMicroelectronics.X-CUBE-AZRTOS-L4.2.0.0
2024-01-20 16:52:04,828 [WARN] ConditionMgr:1039 - genDependencies : Invalid condition id : LAN8742 Phy interface Condition cause : null
2024-01-20 16:52:04,828 [WARN] ConditionMgr:1039 - genDependencies : Invalid condition id : LAN8742 Phy interface Condition cause : null
2024-01-20 16:52:04,828 [WARN] ConditionMgr:1039 - genDependencies : Invalid condition id : LAN8742 Phy interface Condition cause : null
2024-01-20 16:52:04,833 [WARN] PackLoader:240 - Cannot read IP mode file for STMicroelectronics.X-CUBE-SFXS2LP1.4.0.0
2024-01-20 16:52:04,836 [WARN] PackLoader:240 - Cannot read IP mode file for STMicroelectronics.X-CUBE-ISPU.1.1.0
2024-01-20 16:52:04,848 [WARN] ConditionMgr:438 - getConditionDescription Invalid condition id : UX DEVICE CLASS RTOS Condition cause : null
2024-01-20 16:52:04,848 [WARN] ConditionMgr:438 - getConditionDescription Invalid condition id : UX DEVICE CLASS RTOS Condition cause : null
2024-01-20 16:52:04,851 [WARN] PackLoader:240 - Cannot read IP mode file for STMicroelectronics.X-CUBE-AZRTOS-WB.2.0.0
2024-01-20 16:52:04,851 [WARN] ConditionMgr:1039 - genDependencies : Invalid condition id : UX DEVICE CLASS RTOS Condition cause : null
2024-01-20 16:52:04,851 [WARN] ConditionMgr:1039 - genDependencies : Invalid condition id : UX DEVICE CLASS RTOS Condition cause : null
2024-01-20 16:52:04,851 [WARN] ConditionMgr:1039 - genDependencies : Invalid condition id : UX DEVICE CLASS RTOS Condition cause : null
2024-01-20 16:52:04,852 [WARN] ConditionMgr:1039 - genDependencies : Invalid condition id : UX DEVICE CLASS RTOS Condition cause : null
2024-01-20 16:52:04,852 [WARN] ConditionMgr:1039 - genDependencies : Invalid condition id : UX DEVICE CLASS RTOS Condition cause : null
2024-01-20 16:52:04,855 [WARN] PackLoader:240 - Cannot read IP mode file for STMicroelectronics.X-CUBE-FREERTOS.1.0.1
2024-01-20 16:52:04,866 [WARN] PackLoader:240 - Cannot read IP mode file for STMicroelectronics.X-CUBE-AZRTOS-L5.1.1.0
2024-01-20 16:52:04,874 [WARN] PackLoader:240 - Cannot read IP mode file for STMicroelectronics.X-CUBE-SUBG2.5.0.0
2024-01-20 16:52:04,884 [WARN] PackLoader:240 - Cannot read IP mode file for STMicroelectronics.X-CUBE-TOF1.3.3.1
2024-01-20 16:52:04,899 [WARN] PackLoader:240 - Cannot read IP mode file for STMicroelectronics.X-CUBE-AZRTOS-G4.2.0.0
2024-01-20 16:52:04,910 [WARN] PackLoader:240 - Cannot read IP mode file for Infineon.AIROC-Wi-Fi-Bluetooth-STM32.1.5.1
2024-01-20 16:52:04,914 [WARN] PackLoader:240 - Cannot read IP mode file for STMicroelectronics.FP-SNS-MOTENVWB1.1.3.0
2024-01-20 16:52:04,916 [WARN] PackLoader:240 - Cannot read IP mode file for STMicroelectronics.FP-SNS-MOTENVWB1.1.3.1
2024-01-20 16:52:04,918 [WARN] PackLoader:240 - Cannot read IP mode file for STMicroelectronics.X-CUBE-ISPU.2.0.0
2024-01-20 16:52:04,941 [WARN] PackLoader:240 - Cannot read IP mode file for STMicroelectronics.X-CUBE-MEMS1.10.0.0
2024-01-20 16:52:04,997 [WARN] PackLoader:240 - Cannot read IP mode file for STMicroelectronics.X-CUBE-FREERTOS.1.1.0
2024-01-20 16:52:05,001 [WARN] PackLoader:240 - Cannot read IP mode file for portGmbH.I-Cube-SoM-uGOAL.1.1.0
2024-01-20 16:52:05,004 [WARN] PackLoader:240 - Cannot read IP mode file for STMicroelectronics.X-CUBE-ALS.1.0.1
2024-01-20 16:52:05,009 [WARN] PackLoader:240 - Cannot read IP mode file for STMicroelectronics.X-CUBE-AZRTOS-WB.1.1.0
2024-01-20 16:52:05,013 [WARN] PackLoader:240 - Cannot read IP mode file for STMicroelectronics.FP-ATR-ASTRA1.2.0.0
2024-01-20 16:52:05,017 [WARN] PackLoader:240 - Cannot read IP mode file for STMicroelectronics.X-CUBE-TOF1.3.4.0
2024-01-20 16:52:05,029 [WARN] PackLoader:240 - Cannot read IP mode file for STMicroelectronics.X-CUBE-AZRTOS-H7.3.2.0
2024-01-20 16:52:05,032 [INFO] ThirdParty:978 - Integrity check success = true
2024-01-20 16:52:05,032 [INFO] IntegrityCheckThread:100 - exiting critical section [integrity check]
2024-01-20 16:52:05,032 [INFO] IntegrityCheckThread:103 - End integrity checks thread
2024-01-20 16:52:24,133 [ERROR] LogOutputStream:75 - [STDERR_REDIRECT] SLF4J: Failed to load class "org.slf4j.impl.StaticLoggerBinder".
2024-01-20 16:52:24,133 [ERROR] LogOutputStream:75 - [STDERR_REDIRECT] SLF4J: Defaulting to no-operation (NOP) logger implementation
2024-01-20 16:52:24,134 [ERROR] LogOutputStream:75 - [STDERR_REDIRECT] SLF4J: See http://www.slf4j.org/codes.html#StaticLoggerBinder for further details.
2024-01-20 16:56:55,267 [ERROR] LogOutputStream:75 - [STDERR_REDIRECT] 
2024-01-20 16:57:07,055 [INFO] Activator:176 - 


2024-01-20 16:57:07,057 [INFO] Activator:177 - !SESSION log4j initialized
2024-01-20 16:57:10,860 [INFO] LogOutputStream:77 - [STDOUT_REDIRECT] 
2024-01-20 16:57:11,795 [INFO] ApplicationProperties:184 - Using Application install path: C:\ST\STM32CubeIDE_1.14.1\STM32CubeIDE\plugins\com.st.stm32cube.common.mx_6.10.0.202311202037
2024-01-20 16:57:11,805 [INFO] DbMcusXml:78 - Set database path to: C:\ST\STM32CubeIDE_1.14.1\STM32CubeIDE\plugins\com.st.stm32cube.common.mx_6.10.0.202311202037\\db\/mcu/
2024-01-20 16:57:11,805 [INFO] ApiDb:274 - Set plugin database path to: C:\ST\STM32CubeIDE_1.14.1\STM32CubeIDE\plugins\com.st.stm32cube.common.mx_6.10.0.202311202037\\db\/plugins/boardmanager/
2024-01-20 16:57:11,806 [WARN] ApiDb:259 - Overriding images path with different value:  => C:\ST\STM32CubeIDE_1.14.1\STM32CubeIDE\plugins\com.st.stm32cube.common.mx_6.10.0.202311202037\\db\/plugins/mcufinder/images/
2024-01-20 16:57:11,809 [INFO] ApiDb:250 - Set database path to: C:\Users\t\.stmcufinder\plugins\mcufinder//mcu/
2024-01-20 16:57:11,810 [INFO] DbMcusAds:125 - Set database path to: C:\Users\t\.stmcufinder\plugins\mcufinder//mcu/
2024-01-20 16:57:11,811 [INFO] CrossReferenceDbSqlite:203 - Set database path to: C:\Users\t\.stmcufinder\plugins\mcufinder//mcu/cs/
2024-01-20 16:57:11,874 [INFO] RulesReader:64 - Compatibility file has been processed (297 Rules)
2024-01-20 16:57:11,933 [INFO] DbMcusXml:78 - Set database path to: C:\ST\STM32CubeIDE_1.14.1\STM32CubeIDE\plugins\com.st.stm32cube.common.mx_6.10.0.202311202037\\db\/mcu/
2024-01-20 16:57:11,934 [INFO] ApiDb:274 - Set plugin database path to: C:\ST\STM32CubeIDE_1.14.1\STM32CubeIDE\plugins\com.st.stm32cube.common.mx_6.10.0.202311202037\\db\/plugins/boardmanager/
2024-01-20 16:57:11,934 [INFO] ApiDb:261 - Set plugin images path to: C:\ST\STM32CubeIDE_1.14.1\STM32CubeIDE\plugins\com.st.stm32cube.common.mx_6.10.0.202311202037\\db\/plugins/mcufinder/images/
2024-01-20 16:57:11,934 [WARN] DbFile:41 - Overriding database path with different value: C:\Users\t\.stmcufinder\plugins\mcufinder/ => C:\Users\t\.stmcufinder\plugins\mcufinder
2024-01-20 16:57:11,934 [INFO] ApiDb:250 - Set database path to: C:\Users\t\.stmcufinder\plugins\mcufinder//mcu/
2024-01-20 16:57:11,934 [WARN] DbFile:41 - Overriding database path with different value: C:\Users\t\.stmcufinder\plugins\mcufinder/ => C:\Users\t\.stmcufinder\plugins\mcufinder
2024-01-20 16:57:11,934 [INFO] DbMcusAds:125 - Set database path to: C:\Users\t\.stmcufinder\plugins\mcufinder//mcu/
2024-01-20 16:57:11,934 [WARN] DbFile:41 - Overriding database path with different value: C:\Users\t\.stmcufinder\plugins\mcufinder/ => C:\Users\t\.stmcufinder\plugins\mcufinder
2024-01-20 16:57:11,934 [WARN] DbFile:41 - Overriding database path with different value: C:\Users\t\.stmcufinder\plugins\mcufinder/ => C:\Users\t\.stmcufinder\plugins\mcufinder
2024-01-20 16:57:11,934 [INFO] CrossReferenceDbSqlite:203 - Set database path to: C:\Users\t\.stmcufinder\plugins\mcufinder//mcu/cs/
2024-01-20 16:57:11,975 [INFO] MainPanel:264 - HeapMemory: 268435456
2024-01-20 16:57:12,027 [INFO] DbMcusXml:78 - Set database path to: C:\ST\STM32CubeIDE_1.14.1\STM32CubeIDE\plugins\com.st.stm32cube.common.mx_6.10.0.202311202037\\db\/mcu/
2024-01-20 16:57:12,027 [INFO] ApiDb:274 - Set plugin database path to: C:\ST\STM32CubeIDE_1.14.1\STM32CubeIDE\plugins\com.st.stm32cube.common.mx_6.10.0.202311202037\\db\/plugins/boardmanager/
2024-01-20 16:57:12,027 [INFO] ApiDb:261 - Set plugin images path to: C:\ST\STM32CubeIDE_1.14.1\STM32CubeIDE\plugins\com.st.stm32cube.common.mx_6.10.0.202311202037\\db\/plugins/mcufinder/images/
2024-01-20 16:57:12,027 [WARN] DbFile:41 - Overriding database path with different value: C:\Users\t\.stmcufinder\plugins\mcufinder/ => C:\Users\t\.stmcufinder\plugins\mcufinder
2024-01-20 16:57:12,027 [INFO] ApiDb:250 - Set database path to: C:\Users\t\.stmcufinder\plugins\mcufinder//mcu/
2024-01-20 16:57:12,027 [WARN] DbFile:41 - Overriding database path with different value: C:\Users\t\.stmcufinder\plugins\mcufinder/ => C:\Users\t\.stmcufinder\plugins\mcufinder
2024-01-20 16:57:12,027 [INFO] DbMcusAds:125 - Set database path to: C:\Users\t\.stmcufinder\plugins\mcufinder//mcu/
2024-01-20 16:57:12,027 [WARN] DbFile:41 - Overriding database path with different value: C:\Users\t\.stmcufinder\plugins\mcufinder/ => C:\Users\t\.stmcufinder\plugins\mcufinder
2024-01-20 16:57:12,028 [WARN] DbFile:41 - Overriding database path with different value: C:\Users\t\.stmcufinder\plugins\mcufinder/ => C:\Users\t\.stmcufinder\plugins\mcufinder
2024-01-20 16:57:12,028 [INFO] CrossReferenceDbSqlite:203 - Set database path to: C:\Users\t\.stmcufinder\plugins\mcufinder//mcu/cs/
2024-01-20 16:57:12,039 [INFO] ApplicationProperties:184 - Using Application install path: C:\ST\STM32CubeIDE_1.14.1\STM32CubeIDE\plugins\com.st.stm32cube.common.mx_6.10.0.202311202037
2024-01-20 16:57:12,040 [INFO] PluginManage:196 - Search for loadable plugins [exclusion list=, ]
2024-01-20 16:57:12,041 [INFO] PluginManage:310 - Check plugin analytics
2024-01-20 16:57:12,169 [INFO] AnalyticsPlugin:253 - Accepted Software Licenses: STM32CubeMX.6.8.0,STM32CubeMX.6.9.1,STM32CubeMX.6.10.0
2024-01-20 16:57:12,169 [INFO] AnalyticsPlugin:255 - Accepted CMSIS Pack Licenses: STMicroelectronics.X-CUBE-AI.8.1.0
2024-01-20 16:57:12,169 [INFO] AnalyticsPlugin:257 - Accepted Firmware Licenses: FW.F4.1.27.0,FW.G4.1.5.0
2024-01-20 16:57:12,172 [INFO] PluginManage:359 - Loaded plugin analytics (category:tool,tabindex:-1)
2024-01-20 16:57:12,173 [INFO] PluginManage:310 - Check plugin cadmodel
2024-01-20 16:57:12,178 [INFO] CADModel:105 - Init CAD model plugin
2024-01-20 16:57:12,178 [INFO] PluginManage:359 - Loaded plugin cadmodel (category:power,tabindex:5)
2024-01-20 16:57:12,178 [INFO] PluginManage:310 - Check plugin clock
2024-01-20 16:57:12,195 [INFO] PluginManage:359 - Loaded plugin clock (category:base,tabindex:2)
2024-01-20 16:57:12,195 [INFO] PluginManage:310 - Check plugin ddr
2024-01-20 16:57:12,200 [INFO] PluginManage:359 - Loaded plugin ddr (category:tool,tabindex:6)
2024-01-20 16:57:12,201 [INFO] PluginManage:310 - Check plugin filemanager
2024-01-20 16:57:12,387 [INFO] PluginManage:359 - Loaded plugin filemanager (category:base,tabindex:10)
2024-01-20 16:57:12,387 [INFO] PluginManage:310 - Check plugin ipmanager
2024-01-20 16:57:12,395 [INFO] PluginManage:359 - Loaded plugin ipmanager (category:base,tabindex:5)
2024-01-20 16:57:12,395 [INFO] PluginManage:310 - Check plugin lpbam
2024-01-20 16:57:12,401 [INFO] PluginManage:359 - Loaded plugin lpbam (category:base,tabindex:0)
2024-01-20 16:57:12,402 [INFO] PluginManage:310 - Check plugin memorymap
2024-01-20 16:57:12,409 [INFO] PluginManage:359 - Loaded plugin memorymap (category:base,tabindex:4)
2024-01-20 16:57:12,409 [INFO] PluginManage:310 - Check plugin pinoutandconfiguration
2024-01-20 16:57:12,417 [INFO] PluginManage:359 - Loaded plugin pinoutandconfiguration (category:base,tabindex:1)
2024-01-20 16:57:12,417 [INFO] PluginManage:310 - Check plugin pinoutconfig
2024-01-20 16:57:12,485 [WARN] SupportedApi:132 - Cannot load RTOS API schema: s4s-elt-must-match.1: The content of 'definitions' must match (annotation?, (simpleType | complexType)?, (unique | key | keyref)*)). A problem was found starting at: attribute.
2024-01-20 16:57:12,562 [INFO] PluginManage:359 - Loaded plugin pinoutconfig (category:base,tabindex:0)
2024-01-20 16:57:12,562 [INFO] PluginManage:310 - Check plugin power
2024-01-20 16:57:12,568 [INFO] PluginManage:359 - Loaded plugin power (category:power,tabindex:4)
2024-01-20 16:57:12,568 [INFO] PluginManage:310 - Check plugin projectmanager
2024-01-20 16:57:12,579 [INFO] PluginManage:359 - Loaded plugin projectmanager (category:projectmanager,tabindex:3)
2024-01-20 16:57:12,579 [INFO] PluginManage:310 - Check plugin thirdparty
2024-01-20 16:57:12,665 [WARN] IntegrityCheckThread:84 - waiting for thirdparty lock release [integrity check]
2024-01-20 16:57:12,665 [INFO] IntegrityCheckThread:86 - entering critical section [integrity check]
2024-01-20 16:57:12,666 [INFO] ThirdPartyUpdaterWithRetryManager:70 - Updater plugin not ready yet. [1/15]
2024-01-20 16:57:12,666 [INFO] PluginManage:359 - Loaded plugin thirdparty (category:base,tabindex:-1)
2024-01-20 16:57:12,666 [INFO] PluginManage:310 - Check plugin tools
2024-01-20 16:57:12,671 [INFO] PluginManage:359 - Loaded plugin tools (category:base,tabindex:7)
2024-01-20 16:57:12,672 [INFO] PluginManage:310 - Check plugin tutovideos
2024-01-20 16:57:12,773 [INFO] PluginManage:359 - Loaded plugin tutovideos (category:base,tabindex:-1)
2024-01-20 16:57:12,773 [INFO] PluginManage:310 - Check plugin updater
2024-01-20 16:57:12,779 [INFO] PluginManage:359 - Loaded plugin updater (category:base,tabindex:12)
2024-01-20 16:57:12,779 [INFO] PluginManage:310 - Check plugin userauth
2024-01-20 16:57:12,782 [INFO] UserAuth:114 - Init User Auth plugin
2024-01-20 16:57:12,782 [INFO] PluginManage:359 - Loaded plugin userauth (category:base,tabindex:14)
2024-01-20 16:57:12,783 [INFO] PluginManage:283 - PluginManage : Loaded plugins [17]
2024-01-20 16:57:12,905 [INFO] PinOutPanel:1499 - setPackage(No Configuration,No Configuration)
2024-01-20 16:57:12,954 [INFO] CADModel:165 - CPN selected for project level
2024-01-20 16:57:12,954 [INFO] CADModel:114 - Register for checkConnection events
2024-01-20 16:57:12,966 [INFO] IPUIPlugin:80 - create IPUIPlugin
2024-01-20 16:57:12,966 [INFO] PluginManager:220 - loadIPPluginJar : add adc
2024-01-20 16:57:12,968 [INFO] IPUIPlugin:80 - create IPUIPlugin
2024-01-20 16:57:12,968 [INFO] PluginManager:220 - loadIPPluginJar : add aes
2024-01-20 16:57:12,970 [INFO] IPUIPlugin:80 - create IPUIPlugin
2024-01-20 16:57:12,970 [INFO] PluginManager:220 - loadIPPluginJar : add can
2024-01-20 16:57:12,970 [INFO] IPUIPlugin:80 - create IPUIPlugin
2024-01-20 16:57:12,971 [INFO] PluginManager:220 - loadIPPluginJar : add comp
2024-01-20 16:57:12,972 [INFO] IPUIPlugin:80 - create IPUIPlugin
2024-01-20 16:57:12,972 [INFO] PluginManager:220 - loadIPPluginJar : add cryp
2024-01-20 16:57:12,973 [INFO] IPUIPlugin:80 - create IPUIPlugin
2024-01-20 16:57:12,973 [INFO] PluginManager:220 - loadIPPluginJar : add dfsdm
2024-01-20 16:57:12,977 [INFO] IPUIPlugin:80 - create IPUIPlugin
2024-01-20 16:57:12,977 [INFO] PluginManager:220 - loadIPPluginJar : add dma
2024-01-20 16:57:12,978 [INFO] IPUIPlugin:80 - create IPUIPlugin
2024-01-20 16:57:12,978 [INFO] PluginManager:220 - loadIPPluginJar : add dma3
2024-01-20 16:57:12,979 [INFO] IPUIPlugin:80 - create IPUIPlugin
2024-01-20 16:57:12,979 [INFO] PluginManager:220 - loadIPPluginJar : add fatfs
2024-01-20 16:57:12,981 [INFO] IPUIPlugin:80 - create IPUIPlugin
2024-01-20 16:57:12,981 [INFO] PluginManager:220 - loadIPPluginJar : add fmc
2024-01-20 16:57:12,984 [INFO] IPUIPlugin:80 - create IPUIPlugin
2024-01-20 16:57:12,984 [INFO] PluginManager:220 - loadIPPluginJar : add freertos
2024-01-20 16:57:12,985 [INFO] IPUIPlugin:80 - create IPUIPlugin
2024-01-20 16:57:12,985 [INFO] PluginManager:220 - loadIPPluginJar : add genericplugin
2024-01-20 16:57:12,986 [INFO] IPUIPlugin:80 - create IPUIPlugin
2024-01-20 16:57:12,986 [INFO] PluginManager:220 - loadIPPluginJar : add gfxmmu
2024-01-20 16:57:12,988 [INFO] IPUIPlugin:80 - create IPUIPlugin
2024-01-20 16:57:12,988 [INFO] PluginManager:220 - loadIPPluginJar : add gic
2024-01-20 16:57:12,990 [INFO] IPUIPlugin:80 - create IPUIPlugin
2024-01-20 16:57:12,990 [INFO] PluginManager:220 - loadIPPluginJar : add gpio
2024-01-20 16:57:12,991 [INFO] IPUIPlugin:80 - create IPUIPlugin
2024-01-20 16:57:12,991 [INFO] PluginManager:220 - loadIPPluginJar : add gtzc
2024-01-20 16:57:12,993 [INFO] IPUIPlugin:80 - create IPUIPlugin
2024-01-20 16:57:12,993 [INFO] PluginManager:220 - loadIPPluginJar : add hash
2024-01-20 16:57:12,994 [INFO] IPUIPlugin:80 - create IPUIPlugin
2024-01-20 16:57:12,994 [INFO] PluginManager:220 - loadIPPluginJar : add i2c
2024-01-20 16:57:12,995 [INFO] IPUIPlugin:80 - create IPUIPlugin
2024-01-20 16:57:12,995 [INFO] PluginManager:220 - loadIPPluginJar : add i2s
2024-01-20 16:57:12,996 [INFO] IPUIPlugin:80 - create IPUIPlugin
2024-01-20 16:57:12,996 [INFO] PluginManager:220 - loadIPPluginJar : add i3c
2024-01-20 16:57:12,998 [INFO] IPUIPlugin:80 - create IPUIPlugin
2024-01-20 16:57:12,998 [INFO] PluginManager:220 - loadIPPluginJar : add ipddr
2024-01-20 16:57:13,001 [INFO] IPUIPlugin:80 - create IPUIPlugin
2024-01-20 16:57:13,001 [INFO] PluginManager:220 - loadIPPluginJar : add linkedlist
2024-01-20 16:57:13,002 [INFO] IPUIPlugin:80 - create IPUIPlugin
2024-01-20 16:57:13,002 [INFO] PluginManager:220 - loadIPPluginJar : add lorawan
2024-01-20 16:57:13,004 [INFO] IPUIPlugin:80 - create IPUIPlugin
2024-01-20 16:57:13,004 [INFO] PluginManager:220 - loadIPPluginJar : add ltdc
2024-01-20 16:57:13,006 [INFO] IPUIPlugin:80 - create IPUIPlugin
2024-01-20 16:57:13,007 [INFO] PluginManager:220 - loadIPPluginJar : add mdma
2024-01-20 16:57:13,009 [INFO] IPUIPlugin:80 - create IPUIPlugin
2024-01-20 16:57:13,009 [INFO] PluginManager:220 - loadIPPluginJar : add nvic
2024-01-20 16:57:13,010 [INFO] IPUIPlugin:80 - create IPUIPlugin
2024-01-20 16:57:13,010 [INFO] PluginManager:220 - loadIPPluginJar : add opamp
2024-01-20 16:57:13,011 [INFO] IPUIPlugin:80 - create IPUIPlugin
2024-01-20 16:57:13,011 [INFO] PluginManager:220 - loadIPPluginJar : add openamp
2024-01-20 16:57:13,013 [INFO] IPUIPlugin:80 - create IPUIPlugin
2024-01-20 16:57:13,013 [INFO] PluginManager:220 - loadIPPluginJar : add pdm2pcm
2024-01-20 16:57:13,016 [INFO] IPUIPlugin:80 - create IPUIPlugin
2024-01-20 16:57:13,017 [INFO] PluginManager:220 - loadIPPluginJar : add plateformsettings
2024-01-20 16:57:13,018 [INFO] IPUIPlugin:80 - create IPUIPlugin
2024-01-20 16:57:13,018 [INFO] PluginManager:220 - loadIPPluginJar : add quadspi
2024-01-20 16:57:13,020 [INFO] IPUIPlugin:80 - create IPUIPlugin
2024-01-20 16:57:13,020 [INFO] PluginManager:220 - loadIPPluginJar : add resmgrutility
2024-01-20 16:57:13,021 [INFO] IPUIPlugin:80 - create IPUIPlugin
2024-01-20 16:57:13,021 [INFO] PluginManager:220 - loadIPPluginJar : add sai
2024-01-20 16:57:13,022 [INFO] IPUIPlugin:80 - create IPUIPlugin
2024-01-20 16:57:13,022 [INFO] PluginManager:220 - loadIPPluginJar : add spi
2024-01-20 16:57:13,025 [INFO] IPUIPlugin:80 - create IPUIPlugin
2024-01-20 16:57:13,025 [INFO] PluginManager:220 - loadIPPluginJar : add stm32_wpan
2024-01-20 16:57:13,026 [INFO] IPUIPlugin:80 - create IPUIPlugin
2024-01-20 16:57:13,026 [INFO] PluginManager:220 - loadIPPluginJar : add tim
2024-01-20 16:57:13,027 [INFO] IPUIPlugin:80 - create IPUIPlugin
2024-01-20 16:57:13,027 [INFO] PluginManager:220 - loadIPPluginJar : add touchsensing
2024-01-20 16:57:13,028 [INFO] IPUIPlugin:80 - create IPUIPlugin
2024-01-20 16:57:13,028 [INFO] PluginManager:220 - loadIPPluginJar : add tracer_emb
2024-01-20 16:57:13,029 [INFO] IPUIPlugin:80 - create IPUIPlugin
2024-01-20 16:57:13,029 [INFO] PluginManager:220 - loadIPPluginJar : add ts
2024-01-20 16:57:13,030 [INFO] IPUIPlugin:80 - create IPUIPlugin
2024-01-20 16:57:13,030 [INFO] PluginManager:220 - loadIPPluginJar : add tsc
2024-01-20 16:57:13,030 [INFO] IPUIPlugin:80 - create IPUIPlugin
2024-01-20 16:57:13,030 [INFO] PluginManager:220 - loadIPPluginJar : add ucpd
2024-01-20 16:57:13,032 [INFO] IPUIPlugin:80 - create IPUIPlugin
2024-01-20 16:57:13,032 [INFO] PluginManager:220 - loadIPPluginJar : add usart
2024-01-20 16:57:13,033 [INFO] IPUIPlugin:80 - create IPUIPlugin
2024-01-20 16:57:13,033 [INFO] PluginManager:220 - loadIPPluginJar : add usbx
2024-01-20 16:57:13,136 [INFO] CADModel:165 - CPN selected for project level
2024-01-20 16:57:13,136 [INFO] CADModel:114 - Register for checkConnection events
2024-01-20 16:57:13,136 [FATAL] Updater:308 - Updater called before beeing initialized
2024-01-20 16:57:13,136 [ERROR] CADModel:125 - Updater not yet initialized, retry later 
2024-01-20 16:57:13,222 [INFO] CADModel:165 - CPN selected for project level
2024-01-20 16:57:13,222 [INFO] CADModel:114 - Register for checkConnection events
2024-01-20 16:57:13,222 [FATAL] Updater:308 - Updater called before beeing initialized
2024-01-20 16:57:13,222 [ERROR] CADModel:125 - Updater not yet initialized, retry later 
2024-01-20 16:57:13,224 [FATAL] Updater:308 - Updater called before beeing initialized
2024-01-20 16:57:13,300 [FATAL] Updater:308 - Updater called before beeing initialized
2024-01-20 16:57:13,308 [INFO] DbMcusAds:53 - JSON generation date=Wed Nov 29 18:52:27 CST 2023 (1701255147200)
2024-01-20 16:57:13,308 [FATAL] Updater:308 - Updater called before beeing initialized
2024-01-20 16:57:13,335 [WARN] DetailPanel:346 - Failed to get advertising image, set to default
2024-01-20 16:57:13,411 [FATAL] Updater:308 - Updater called before beeing initialized
2024-01-20 16:57:13,412 [FATAL] Updater:308 - Updater called before beeing initialized
2024-01-20 16:57:13,412 [FATAL] Updater:308 - Updater called before beeing initialized
2024-01-20 16:57:13,412 [WARN] DetailPanel:346 - Failed to get advertising image, set to default
2024-01-20 16:57:13,412 [FATAL] Updater:308 - Updater called before beeing initialized
2024-01-20 16:57:13,441 [ERROR] Updater:1120 - MainUpdater not yet initialized. External WinMGr cannot be set.
2024-01-20 16:57:13,442 [INFO] Updater:1056 - Updater Version found : 6.10.0
2024-01-20 16:57:13,453 [INFO] ApplicationProperties:184 - Using Application install path: C:\ST\STM32CubeIDE_1.14.1\STM32CubeIDE\plugins\com.st.stm32cube.common.mx_6.10.0.202311202037
2024-01-20 16:57:13,763 [INFO] MainUpdater:2873 - connection check result : 10
2024-01-20 16:57:13,763 [INFO] MainUpdater:290 - Updater Check For Update Now.
2024-01-20 16:57:13,763 [INFO] MicroXplorer:498 - Change Database Version : DB.6.0.100
2024-01-20 16:57:13,768 [INFO] McuFinderGlobals:63 - Set McuFinder mode to 2 (CubeIDE integrated)
2024-01-20 16:57:13,923 [INFO] CheckServerUpdateThread:120 - End of CheckServer Thread
2024-01-20 16:57:14,167 [INFO] UserAuth:404 - Internet connection configuration mode: 1
2024-01-20 16:57:14,174 [INFO] JxBrowserEngine:152 - Initiate JxBrowser Engine with user profile folder
2024-01-20 16:57:14,499 [INFO] WebApp:161 - Instantiating new browser for Auth
2024-01-20 16:57:14,819 [INFO] WebApp:780 - Register for checkConnection events
2024-01-20 16:57:14,819 [INFO] WebApp:414 - Apply proxy settings
2024-01-20 16:57:14,819 [INFO] WebApp:499 - Chromium requires no authentication
2024-01-20 16:57:14,823 [INFO] WebApp:442 - Direct internet connection detected
2024-01-20 16:57:14,903 [INFO] WebApp:192 - Starting web application
2024-01-20 16:57:14,903 [INFO] WebApp:544 - Web application path used C:\ST\STM32CubeIDE_1.14.1\STM32CubeIDE\plugins\com.st.stm32cube.common.mx_6.10.0.202311202037\db\plugins\mcufinder\reactClient1\index.html
2024-01-20 16:57:15,759 [WARN] PackLoader:240 - Cannot read IP mode file for STMicroelectronics.X-CUBE-SMBUS.2.1.0
2024-01-20 16:57:15,763 [WARN] PackLoader:240 - Cannot read IP mode file for STMicroelectronics.X-CUBE-TOUCHGFX.4.23.0
2024-01-20 16:57:15,779 [WARN] PackLoader:240 - Cannot read IP mode file for STMicroelectronics.X-CUBE-AZRTOS-F7.1.1.0
2024-01-20 16:57:15,790 [WARN] PackLoader:240 - Cannot read IP mode file for STMicroelectronics.FP-SNS-MOTENV1.4.3.2
2024-01-20 16:57:15,802 [WARN] PackLoader:240 - Cannot read IP mode file for STMicroelectronics.X-CUBE-BLE1.6.2.4
2024-01-20 16:57:15,806 [WARN] PackLoader:240 - Cannot read IP mode file for STMicroelectronics.FP-SNS-FLIGHT1.5.0.2
2024-01-20 16:57:15,812 [WARN] PackLoader:240 - Cannot read IP mode file for STMicroelectronics.X-CUBE-DISPLAY.3.0.0
2024-01-20 16:57:15,818 [WARN] PackLoader:240 - Cannot read IP mode file for STMicroelectronics.X-CUBE-BLE1.7.0.0
2024-01-20 16:57:15,822 [WARN] PackLoader:240 - Cannot read IP mode file for emotas.I-CUBE-CANOPEN.1.3.0
2024-01-20 16:57:15,824 [WARN] PackLoader:240 - Cannot read IP mode file for STMicroelectronics.X-CUBE-TOUCHGFX.4.22.0
2024-01-20 16:57:15,826 [WARN] PackLoader:240 - Cannot read IP mode file for STMicroelectronics.X-CUBE-TOUCHGFX.4.22.1
2024-01-20 16:57:15,828 [WARN] PackLoader:240 - Cannot read IP mode file for STMicroelectronics.FP-SNS-SMARTAG2.1.2.0
2024-01-20 16:57:15,839 [INFO] LogOutputStream:77 - [STDOUT_REDIRECT] 1 : Invalid condition id : UX_CORESTACK_Condition cause : null
2024-01-20 16:57:15,839 [INFO] LogOutputStream:77 - [STDOUT_REDIRECT] 1 : Invalid condition id : UX_CORESTACK_Condition cause : null
2024-01-20 16:57:15,841 [INFO] LogOutputStream:77 - [STDOUT_REDIRECT] 1 : Invalid condition id : UX_CORESTACK_Condition cause : null
2024-01-20 16:57:15,842 [INFO] LogOutputStream:77 - [STDOUT_REDIRECT] 1 : Invalid condition id : UX_CORESTACK_Condition cause : null
2024-01-20 16:57:15,843 [INFO] LogOutputStream:77 - [STDOUT_REDIRECT] 1 : Invalid condition id : UX_CORESTACK_Condition cause : null
2024-01-20 16:57:15,845 [WARN] PackLoader:240 - Cannot read IP mode file for STMicroelectronics.X-CUBE-AZRTOS-WL.2.0.0
2024-01-20 16:57:15,855 [WARN] PackLoader:240 - Cannot read IP mode file for WES.I-CUBE-Cesium.1.3.0
2024-01-20 16:57:15,858 [WARN] PackLoader:240 - Cannot read IP mode file for STMicroelectronics.X-CUBE-BLE2.3.3.0
2024-01-20 16:57:15,862 [WARN] PackLoader:240 - Cannot read IP mode file for STMicroelectronics.X-CUBE-ALGOBUILD.1.3.0
2024-01-20 16:57:15,876 [WARN] PackLoader:240 - Cannot read IP mode file for STMicroelectronics.X-CUBE-AZRTOS-G0.1.1.0
2024-01-20 16:57:15,881 [WARN] PackLoader:240 - Cannot read IP mode file for STMicroelectronics.X-CUBE-NFC4.3.0.0
2024-01-20 16:57:15,887 [WARN] PackLoader:240 - Cannot read IP mode file for STMicroelectronics.X-CUBE-BLEMGR.3.0.0
2024-01-20 16:57:15,891 [WARN] PackLoader:240 - Cannot read IP mode file for STMicroelectronics.FP-ATR-SIGFOX1.3.2.0
2024-01-20 16:57:15,912 [WARN] PackLoader:240 - Cannot read IP mode file for SEGGER.I-CUBE-embOS.1.3.1
2024-01-20 16:57:15,933 [WARN] PackLoader:240 - Cannot read IP mode file for STMicroelectronics.X-CUBE-GNSS1.6.0.0
2024-01-20 16:57:15,941 [WARN] PackLoader:240 - Cannot read IP mode file for STMicroelectronics.X-CUBE-AZRTOS-F4.1.1.0
2024-01-20 16:57:15,946 [WARN] PackLoader:240 - Cannot read IP mode file for wolfSSL.I-CUBE-wolfSSL.5.6.3
2024-01-20 16:57:15,954 [WARN] PackLoader:240 - Cannot read IP mode file for STMicroelectronics.X-CUBE-AZRTOS-L5.2.0.0
2024-01-20 16:57:15,977 [WARN] PackLoader:240 - Cannot read IP mode file for STMicroelectronics.X-CUBE-MEMS1.9.6.0
2024-01-20 16:57:16,055 [WARN] PackLoader:240 - Cannot read IP mode file for STMicroelectronics.X-CUBE-EEPRMA1.4.2.0
2024-01-20 16:57:16,059 [WARN] PackLoader:240 - Cannot read IP mode file for ITTIA_DB.I-CUBE-ITTIADB.8.8.0
2024-01-20 16:57:16,062 [WARN] PackLoader:240 - Cannot read IP mode file for STMicroelectronics.X-CUBE-BLEMGR.2.0.0
2024-01-20 16:57:16,070 [WARN] ConditionMgr:438 - getConditionDescription Invalid condition id : UX DEVICE CLASS RTOS Condition cause : null
2024-01-20 16:57:16,070 [WARN] ConditionMgr:438 - getConditionDescription Invalid condition id : UX DEVICE CLASS RTOS Condition cause : null
2024-01-20 16:57:16,071 [WARN] PackLoader:240 - Cannot read IP mode file for STMicroelectronics.X-CUBE-AZRTOS-H7.3.1.0
2024-01-20 16:57:16,072 [WARN] ConditionMgr:1039 - genDependencies : Invalid condition id : UX DEVICE CLASS RTOS Condition cause : null
2024-01-20 16:57:16,072 [WARN] ConditionMgr:1039 - genDependencies : Invalid condition id : UX DEVICE CLASS RTOS Condition cause : null
2024-01-20 16:57:16,072 [WARN] ConditionMgr:1039 - genDependencies : Invalid condition id : UX DEVICE CLASS RTOS Condition cause : null
2024-01-20 16:57:16,072 [WARN] ConditionMgr:1039 - genDependencies : Invalid condition id : UX DEVICE CLASS RTOS Condition cause : null
2024-01-20 16:57:16,072 [WARN] ConditionMgr:1039 - genDependencies : Invalid condition id : UX DEVICE CLASS RTOS Condition cause : null
2024-01-20 16:57:16,076 [WARN] PackLoader:240 - Cannot read IP mode file for STMicroelectronics.X-CUBE-NFC7.1.0.1
2024-01-20 16:57:16,079 [WARN] PackLoader:240 - Cannot read IP mode file for STMicroelectronics.X-CUBE-NFC6.3.0.0
2024-01-20 16:57:16,082 [WARN] PackLoader:240 - Cannot read IP mode file for STMicroelectronics.X-CUBE-EEPRMA1.4.1.0
2024-01-20 16:57:16,086 [WARN] PackLoader:240 - Cannot read IP mode file for STMicroelectronics.X-CUBE-AI.8.1.0
2024-01-20 16:57:16,178 [WARN] ConditionMgr:438 - getConditionDescription Invalid condition id : LAN8742 Phy interface Condition cause : null
2024-01-20 16:57:16,179 [WARN] PackLoader:240 - Cannot read IP mode file for STMicroelectronics.X-CUBE-AZRTOS-L4.2.0.0
2024-01-20 16:57:16,180 [WARN] ConditionMgr:1039 - genDependencies : Invalid condition id : LAN8742 Phy interface Condition cause : null
2024-01-20 16:57:16,180 [WARN] ConditionMgr:1039 - genDependencies : Invalid condition id : LAN8742 Phy interface Condition cause : null
2024-01-20 16:57:16,180 [WARN] ConditionMgr:1039 - genDependencies : Invalid condition id : LAN8742 Phy interface Condition cause : null
2024-01-20 16:57:16,185 [WARN] PackLoader:240 - Cannot read IP mode file for STMicroelectronics.X-CUBE-SFXS2LP1.4.0.0
2024-01-20 16:57:16,189 [WARN] PackLoader:240 - Cannot read IP mode file for STMicroelectronics.X-CUBE-ISPU.1.1.0
2024-01-20 16:57:16,199 [WARN] ConditionMgr:438 - getConditionDescription Invalid condition id : UX DEVICE CLASS RTOS Condition cause : null
2024-01-20 16:57:16,199 [WARN] ConditionMgr:438 - getConditionDescription Invalid condition id : UX DEVICE CLASS RTOS Condition cause : null
2024-01-20 16:57:16,201 [WARN] PackLoader:240 - Cannot read IP mode file for STMicroelectronics.X-CUBE-AZRTOS-WB.2.0.0
2024-01-20 16:57:16,201 [WARN] ConditionMgr:1039 - genDependencies : Invalid condition id : UX DEVICE CLASS RTOS Condition cause : null
2024-01-20 16:57:16,201 [WARN] ConditionMgr:1039 - genDependencies : Invalid condition id : UX DEVICE CLASS RTOS Condition cause : null
2024-01-20 16:57:16,201 [WARN] ConditionMgr:1039 - genDependencies : Invalid condition id : UX DEVICE CLASS RTOS Condition cause : null
2024-01-20 16:57:16,202 [WARN] ConditionMgr:1039 - genDependencies : Invalid condition id : UX DEVICE CLASS RTOS Condition cause : null
2024-01-20 16:57:16,202 [WARN] ConditionMgr:1039 - genDependencies : Invalid condition id : UX DEVICE CLASS RTOS Condition cause : null
2024-01-20 16:57:16,207 [WARN] PackLoader:240 - Cannot read IP mode file for STMicroelectronics.X-CUBE-FREERTOS.1.0.1
2024-01-20 16:57:16,218 [WARN] PackLoader:240 - Cannot read IP mode file for STMicroelectronics.X-CUBE-AZRTOS-L5.1.1.0
2024-01-20 16:57:16,226 [WARN] PackLoader:240 - Cannot read IP mode file for STMicroelectronics.X-CUBE-SUBG2.5.0.0
2024-01-20 16:57:16,235 [WARN] PackLoader:240 - Cannot read IP mode file for STMicroelectronics.X-CUBE-TOF1.3.3.1
2024-01-20 16:57:16,249 [WARN] PackLoader:240 - Cannot read IP mode file for STMicroelectronics.X-CUBE-AZRTOS-G4.2.0.0
2024-01-20 16:57:16,260 [WARN] PackLoader:240 - Cannot read IP mode file for Infineon.AIROC-Wi-Fi-Bluetooth-STM32.1.5.1
2024-01-20 16:57:16,264 [WARN] PackLoader:240 - Cannot read IP mode file for STMicroelectronics.FP-SNS-MOTENVWB1.1.3.0
2024-01-20 16:57:16,266 [WARN] PackLoader:240 - Cannot read IP mode file for STMicroelectronics.FP-SNS-MOTENVWB1.1.3.1
2024-01-20 16:57:16,268 [WARN] PackLoader:240 - Cannot read IP mode file for STMicroelectronics.X-CUBE-ISPU.2.0.0
2024-01-20 16:57:16,291 [WARN] PackLoader:240 - Cannot read IP mode file for STMicroelectronics.X-CUBE-MEMS1.10.0.0
2024-01-20 16:57:16,352 [WARN] PackLoader:240 - Cannot read IP mode file for STMicroelectronics.X-CUBE-FREERTOS.1.1.0
2024-01-20 16:57:16,357 [WARN] PackLoader:240 - Cannot read IP mode file for portGmbH.I-Cube-SoM-uGOAL.1.1.0
2024-01-20 16:57:16,360 [WARN] PackLoader:240 - Cannot read IP mode file for STMicroelectronics.X-CUBE-ALS.1.0.1
2024-01-20 16:57:16,365 [WARN] PackLoader:240 - Cannot read IP mode file for STMicroelectronics.X-CUBE-AZRTOS-WB.1.1.0
2024-01-20 16:57:16,369 [WARN] PackLoader:240 - Cannot read IP mode file for STMicroelectronics.FP-ATR-ASTRA1.2.0.0
2024-01-20 16:57:16,374 [WARN] PackLoader:240 - Cannot read IP mode file for STMicroelectronics.X-CUBE-TOF1.3.4.0
2024-01-20 16:57:16,388 [WARN] PackLoader:240 - Cannot read IP mode file for STMicroelectronics.X-CUBE-AZRTOS-H7.3.2.0
2024-01-20 16:57:16,390 [INFO] ThirdParty:978 - Integrity check success = true
2024-01-20 16:57:16,390 [INFO] IntegrityCheckThread:100 - exiting critical section [integrity check]
2024-01-20 16:57:16,390 [INFO] IntegrityCheckThread:103 - End integrity checks thread
2024-01-20 16:57:35,432 [ERROR] LogOutputStream:75 - [STDERR_REDIRECT] SLF4J: Failed to load class "org.slf4j.impl.StaticLoggerBinder".
2024-01-20 16:57:35,433 [ERROR] LogOutputStream:75 - [STDERR_REDIRECT] SLF4J: Defaulting to no-operation (NOP) logger implementation
2024-01-20 16:57:35,433 [ERROR] LogOutputStream:75 - [STDERR_REDIRECT] SLF4J: See http://www.slf4j.org/codes.html#StaticLoggerBinder for further details.
